[1.526s] Invoking command in '/trainee/workspace/trainee_ws_pinguin/src/keyboard_check': PYTHONPATH=/trainee/workspace/trainee_ws_pinguin/src/build/keyboard_check/prefix_override:/usr/lib/python3/dist-packages/colcon_core/task/python/colcon_distutils_commands:/trainee/workspace/trainee_ws_pinguin/src/install/keyboard_check/lib/python3.10/site-packages:${PYTHONPATH} /usr/bin/python3 -W ignore:setup.py install is deprecated -W ignore:easy_install command is deprecated setup.py egg_info --egg-base ../build/keyboard_check build --build-base /trainee/workspace/trainee_ws_pinguin/src/build/keyboard_check/build install --record /trainee/workspace/trainee_ws_pinguin/src/build/keyboard_check/install.log --single-version-externally-managed
[1.934s] running egg_info
[1.934s] writing ../build/keyboard_check/keyboard_check.egg-info/PKG-INFO
[1.934s] writing dependency_links to ../build/keyboard_check/keyboard_check.egg-info/dependency_links.txt
[1.935s] writing entry points to ../build/keyboard_check/keyboard_check.egg-info/entry_points.txt
[1.935s] writing requirements to ../build/keyboard_check/keyboard_check.egg-info/requires.txt
[1.935s] writing top-level names to ../build/keyboard_check/keyboard_check.egg-info/top_level.txt
[1.941s] reading manifest file '../build/keyboard_check/keyboard_check.egg-info/SOURCES.txt'
[1.942s] writing manifest file '../build/keyboard_check/keyboard_check.egg-info/SOURCES.txt'
[1.942s] running build
[1.943s] running build_py
[1.943s] copying keyboard_check/keyboard_publisher.py -> /trainee/workspace/trainee_ws_pinguin/src/build/keyboard_check/build/lib/keyboard_check
[1.944s] running install
[1.944s] running install_lib
[1.945s] copying /trainee/workspace/trainee_ws_pinguin/src/build/keyboard_check/build/lib/keyboard_check/keyboard_publisher.py -> /trainee/workspace/trainee_ws_pinguin/src/install/keyboard_check/lib/python3.10/site-packages/keyboard_check
[1.946s] byte-compiling /trainee/workspace/trainee_ws_pinguin/src/install/keyboard_check/lib/python3.10/site-packages/keyboard_check/keyboard_publisher.py to keyboard_publisher.cpython-310.pyc
[1.947s] running install_egg_info
[1.950s] Copying ../build/keyboard_check/keyboard_check.egg-info to /trainee/workspace/trainee_ws_pinguin/src/install/keyboard_check/lib/python3.10/site-packages/keyboard_check-0.0.0-py3.10.egg-info
[1.951s] running install_scripts
[1.987s] Installing keyboard_listener script to /trainee/workspace/trainee_ws_pinguin/src/install/keyboard_check/lib/keyboard_check
[1.987s] Installing keyboard_publisher script to /trainee/workspace/trainee_ws_pinguin/src/install/keyboard_check/lib/keyboard_check
[1.988s] writing list of installed files to '/trainee/workspace/trainee_ws_pinguin/src/build/keyboard_check/install.log'
[2.043s] Invoked command in '/trainee/workspace/trainee_ws_pinguin/src/keyboard_check' returned '0': PYTHONPATH=/trainee/workspace/trainee_ws_pinguin/src/build/keyboard_check/prefix_override:/usr/lib/python3/dist-packages/colcon_core/task/python/colcon_distutils_commands:/trainee/workspace/trainee_ws_pinguin/src/install/keyboard_check/lib/python3.10/site-packages:${PYTHONPATH} /usr/bin/python3 -W ignore:setup.py install is deprecated -W ignore:easy_install command is deprecated setup.py egg_info --egg-base ../build/keyboard_check build --build-base /trainee/workspace/trainee_ws_pinguin/src/build/keyboard_check/build install --record /trainee/workspace/trainee_ws_pinguin/src/build/keyboard_check/install.log --single-version-externally-managed
