[1.778s] Invoking command in '/trainee/workspace/trainee_ws_pinguin/src/keyboard_check': PYTHONPATH=/trainee/workspace/trainee_ws_pinguin/src/build/keyboard_check/prefix_override:/usr/lib/python3/dist-packages/colcon_core/task/python/colcon_distutils_commands:/trainee/workspace/trainee_ws_pinguin/src/install/keyboard_check/lib/python3.10/site-packages:${PYTHONPATH} /usr/bin/python3 -W ignore:setup.py install is deprecated -W ignore:easy_install command is deprecated setup.py egg_info --egg-base ../build/keyboard_check build --build-base /trainee/workspace/trainee_ws_pinguin/src/build/keyboard_check/build install --record /trainee/workspace/trainee_ws_pinguin/src/build/keyboard_check/install.log --single-version-externally-managed
[2.226s] running egg_info
[2.226s] writing ../build/keyboard_check/keyboard_check.egg-info/PKG-INFO
[2.226s] writing dependency_links to ../build/keyboard_check/keyboard_check.egg-info/dependency_links.txt
[2.226s] writing entry points to ../build/keyboard_check/keyboard_check.egg-info/entry_points.txt
[2.226s] writing requirements to ../build/keyboard_check/keyboard_check.egg-info/requires.txt
[2.226s] writing top-level names to ../build/keyboard_check/keyboard_check.egg-info/top_level.txt
[2.229s] reading manifest file '../build/keyboard_check/keyboard_check.egg-info/SOURCES.txt'
[2.231s] writing manifest file '../build/keyboard_check/keyboard_check.egg-info/SOURCES.txt'
[2.232s] running build
[2.232s] running build_py
[2.233s] running install
[2.233s] running install_lib
[2.235s] running install_egg_info
[2.238s] removing '/trainee/workspace/trainee_ws_pinguin/src/install/keyboard_check/lib/python3.10/site-packages/keyboard_check-0.0.0-py3.10.egg-info' (and everything under it)
[2.240s] Copying ../build/keyboard_check/keyboard_check.egg-info to /trainee/workspace/trainee_ws_pinguin/src/install/keyboard_check/lib/python3.10/site-packages/keyboard_check-0.0.0-py3.10.egg-info
[2.241s] running install_scripts
[2.278s] Installing keyboard_listener script to /trainee/workspace/trainee_ws_pinguin/src/install/keyboard_check/lib/keyboard_check
[2.279s] Installing keyboard_publisher script to /trainee/workspace/trainee_ws_pinguin/src/install/keyboard_check/lib/keyboard_check
[2.281s] writing list of installed files to '/trainee/workspace/trainee_ws_pinguin/src/build/keyboard_check/install.log'
[2.318s] Invoked command in '/trainee/workspace/trainee_ws_pinguin/src/keyboard_check' returned '0': PYTHONPATH=/trainee/workspace/trainee_ws_pinguin/src/build/keyboard_check/prefix_override:/usr/lib/python3/dist-packages/colcon_core/task/python/colcon_distutils_commands:/trainee/workspace/trainee_ws_pinguin/src/install/keyboard_check/lib/python3.10/site-packages:${PYTHONPATH} /usr/bin/python3 -W ignore:setup.py install is deprecated -W ignore:easy_install command is deprecated setup.py egg_info --egg-base ../build/keyboard_check build --build-base /trainee/workspace/trainee_ws_pinguin/src/build/keyboard_check/build install --record /trainee/workspace/trainee_ws_pinguin/src/build/keyboard_check/install.log --single-version-externally-managed
