[0.155s] DEBUG:colcon:Command line arguments: ['/usr/bin/colcon', 'build', '--symlink-install']
[0.155s] DEBUG:colcon:Parsed command line arguments: Namespace(log_base=None, log_level=None, verb_name='build', build_base='build', install_base='install', merge_install=False, symlink_install=True, test_result_base=None, continue_on_error=False, executor='parallel', parallel_workers=8, event_handlers=None, ignore_user_meta=False, metas=['./colcon.meta'], base_paths=['.'], packages_ignore=None, packages_ignore_regex=None, paths=None, packages_up_to=None, packages_up_to_regex=None, packages_above=None, packages_above_and_dependencies=None, packages_above_depth=None, packages_select_by_dep=None, packages_skip_by_dep=None, packages_skip_up_to=None, packages_select_build_failed=False, packages_skip_build_finished=False, packages_select_test_failures=False, packages_skip_test_passed=False, packages_select=None, packages_skip=None, packages_select_regex=None, packages_skip_regex=None, packages_start=None, packages_end=None, cmake_args=None, cmake_target=None, cmake_target_skip_unavailable=False, cmake_clean_cache=False, cmake_clean_first=False, cmake_force_configure=False, ament_cmake_args=None, catkin_cmake_args=None, catkin_skip_building_tests=False, mixin_files=None, mixin=None, verb_parser=<colcon_mixin.mixin.mixin_argument.MixinArgumentDecorator object at 0x73aa11158ac0>, verb_extension=<colcon_core.verb.build.BuildVerb object at 0x73aa11352230>, main=<bound method BuildVerb.main of <colcon_core.verb.build.BuildVerb object at 0x73aa11352230>>, mixin_verb=('build',))
[0.466s] Level 1:colcon.colcon_core.package_discovery:discover_packages(colcon_meta) check parameters
[0.466s] Level 1:colcon.colcon_core.package_discovery:discover_packages(recursive) check parameters
[0.466s] Level 1:colcon.colcon_core.package_discovery:discover_packages(ignore) check parameters
[0.466s] Level 1:colcon.colcon_core.package_discovery:discover_packages(path) check parameters
[0.466s] Level 1:colcon.colcon_core.package_discovery:discover_packages(colcon_meta) discover
[0.466s] Level 1:colcon.colcon_core.package_discovery:discover_packages(recursive) discover
[0.467s] INFO:colcon.colcon_core.package_discovery:Crawling recursively for packages in '/trainee/workspace/trainee_ws'
[0.467s] Level 1:colcon.colcon_core.package_identification:_identify(.) by extensions ['ignore', 'ignore_ament_install']
[0.467s] Level 1:colcon.colcon_core.package_identification:_identify(.) by extension 'ignore'
[0.467s] Level 1:colcon.colcon_core.package_identification:_identify(.) by extension 'ignore_ament_install'
[0.467s] Level 1:colcon.colcon_core.package_identification:_identify(.) by extensions ['colcon_pkg']
[0.467s] Level 1:colcon.colcon_core.package_identification:_identify(.) by extension 'colcon_pkg'
[0.467s] Level 1:colcon.colcon_core.package_identification:_identify(.) by extensions ['colcon_meta']
[0.467s] Level 1:colcon.colcon_core.package_identification:_identify(.) by extension 'colcon_meta'
[0.467s] Level 1:colcon.colcon_core.package_identification:_identify(.) by extensions ['ros']
[0.467s] Level 1:colcon.colcon_core.package_identification:_identify(.) by extension 'ros'
[0.483s] Level 1:colcon.colcon_core.package_identification:_identify(.) by extensions ['cmake', 'python']
[0.483s] Level 1:colcon.colcon_core.package_identification:_identify(.) by extension 'cmake'
[0.483s] Level 1:colcon.colcon_core.package_identification:_identify(.) by extension 'python'
[0.483s] Level 1:colcon.colcon_core.package_identification:_identify(.) by extensions ['python_setup_py']
[0.483s] Level 1:colcon.colcon_core.package_identification:_identify(.) by extension 'python_setup_py'
[0.483s] Level 1:colcon.colcon_core.package_identification:_identify(build) by extensions ['ignore', 'ignore_ament_install']
[0.483s] Level 1:colcon.colcon_core.package_identification:_identify(build) by extension 'ignore'
[0.483s] Level 1:colcon.colcon_core.package_identification:_identify(build) ignored
[0.483s] Level 1:colcon.colcon_core.package_identification:_identify(install) by extensions ['ignore', 'ignore_ament_install']
[0.484s] Level 1:colcon.colcon_core.package_identification:_identify(install) by extension 'ignore'
[0.484s] Level 1:colcon.colcon_core.package_identification:_identify(install) ignored
[0.484s] Level 1:colcon.colcon_core.package_identification:_identify(log) by extensions ['ignore', 'ignore_ament_install']
[0.484s] Level 1:colcon.colcon_core.package_identification:_identify(log) by extension 'ignore'
[0.484s] Level 1:colcon.colcon_core.package_identification:_identify(log) ignored
[0.484s] Level 1:colcon.colcon_core.package_identification:_identify(src) by extensions ['ignore', 'ignore_ament_install']
[0.484s] Level 1:colcon.colcon_core.package_identification:_identify(src) by extension 'ignore'
[0.484s] Level 1:colcon.colcon_core.package_identification:_identify(src) by extension 'ignore_ament_install'
[0.484s] Level 1:colcon.colcon_core.package_identification:_identify(src) by extensions ['colcon_pkg']
[0.485s] Level 1:colcon.colcon_core.package_identification:_identify(src) by extension 'colcon_pkg'
[0.485s] Level 1:colcon.colcon_core.package_identification:_identify(src) by extensions ['colcon_meta']
[0.485s] Level 1:colcon.colcon_core.package_identification:_identify(src) by extension 'colcon_meta'
[0.485s] Level 1:colcon.colcon_core.package_identification:_identify(src) by extensions ['ros']
[0.485s] Level 1:colcon.colcon_core.package_identification:_identify(src) by extension 'ros'
[0.485s] Level 1:colcon.colcon_core.package_identification:_identify(src) by extensions ['cmake', 'python']
[0.485s] Level 1:colcon.colcon_core.package_identification:_identify(src) by extension 'cmake'
[0.485s] Level 1:colcon.colcon_core.package_identification:_identify(src) by extension 'python'
[0.485s] Level 1:colcon.colcon_core.package_identification:_identify(src) by extensions ['python_setup_py']
[0.485s] Level 1:colcon.colcon_core.package_identification:_identify(src) by extension 'python_setup_py'
[0.485s] Level 1:colcon.colcon_core.package_identification:_identify(src/arm_simulation) by extensions ['ignore', 'ignore_ament_install']
[0.485s] Level 1:colcon.colcon_core.package_identification:_identify(src/arm_simulation) by extension 'ignore'
[0.485s] Level 1:colcon.colcon_core.package_identification:_identify(src/arm_simulation) by extension 'ignore_ament_install'
[0.486s] Level 1:colcon.colcon_core.package_identification:_identify(src/arm_simulation) by extensions ['colcon_pkg']
[0.486s] Level 1:colcon.colcon_core.package_identification:_identify(src/arm_simulation) by extension 'colcon_pkg'
[0.486s] Level 1:colcon.colcon_core.package_identification:_identify(src/arm_simulation) by extensions ['colcon_meta']
[0.486s] Level 1:colcon.colcon_core.package_identification:_identify(src/arm_simulation) by extension 'colcon_meta'
[0.486s] Level 1:colcon.colcon_core.package_identification:_identify(src/arm_simulation) by extensions ['ros']
[0.486s] Level 1:colcon.colcon_core.package_identification:_identify(src/arm_simulation) by extension 'ros'
[0.489s] DEBUG:colcon.colcon_core.package_identification:Package 'src/arm_simulation' with type 'ros.ament_python' and name 'arm_simulation'
[0.489s] Level 1:colcon.colcon_core.package_discovery:discover_packages(recursive) using defaults
[0.489s] Level 1:colcon.colcon_core.package_discovery:discover_packages(ignore) discover
[0.490s] Level 1:colcon.colcon_core.package_discovery:discover_packages(ignore) using defaults
[0.490s] Level 1:colcon.colcon_core.package_discovery:discover_packages(path) discover
[0.490s] Level 1:colcon.colcon_core.package_discovery:discover_packages(path) using defaults
[0.516s] Level 5:colcon.colcon_core.verb:set package 'arm_simulation' build argument 'cmake_args' from command line to 'None'
[0.516s] Level 5:colcon.colcon_core.verb:set package 'arm_simulation' build argument 'cmake_target' from command line to 'None'
[0.516s] Level 5:colcon.colcon_core.verb:set package 'arm_simulation' build argument 'cmake_target_skip_unavailable' from command line to 'False'
[0.516s] Level 5:colcon.colcon_core.verb:set package 'arm_simulation' build argument 'cmake_clean_cache' from command line to 'False'
[0.516s] Level 5:colcon.colcon_core.verb:set package 'arm_simulation' build argument 'cmake_clean_first' from command line to 'False'
[0.516s] Level 5:colcon.colcon_core.verb:set package 'arm_simulation' build argument 'cmake_force_configure' from command line to 'False'
[0.516s] Level 5:colcon.colcon_core.verb:set package 'arm_simulation' build argument 'ament_cmake_args' from command line to 'None'
[0.516s] Level 5:colcon.colcon_core.verb:set package 'arm_simulation' build argument 'catkin_cmake_args' from command line to 'None'
[0.516s] Level 5:colcon.colcon_core.verb:set package 'arm_simulation' build argument 'catkin_skip_building_tests' from command line to 'False'
[0.517s] DEBUG:colcon.colcon_core.verb:Building package 'arm_simulation' with the following arguments: {'ament_cmake_args': None, 'build_base': '/trainee/workspace/trainee_ws/build/arm_simulation', 'catkin_cmake_args': None, 'catkin_skip_building_tests': False, 'cmake_args': None, 'cmake_clean_cache': False, 'cmake_clean_first': False, 'cmake_force_configure': False, 'cmake_target': None, 'cmake_target_skip_unavailable': False, 'install_base': '/trainee/workspace/trainee_ws/install/arm_simulation', 'merge_install': False, 'path': '/trainee/workspace/trainee_ws/src/arm_simulation', 'symlink_install': True, 'test_result_base': None}
[0.517s] INFO:colcon.colcon_core.executor:Executing jobs using 'parallel' executor
[0.518s] DEBUG:colcon.colcon_parallel_executor.executor.parallel:run_until_complete
[0.519s] INFO:colcon.colcon_ros.task.ament_python.build:Building ROS package in '/trainee/workspace/trainee_ws/src/arm_simulation' with build type 'ament_python'
[0.520s] Level 1:colcon.colcon_core.shell:create_environment_hook('arm_simulation', 'ament_prefix_path')
[0.523s] INFO:colcon.colcon_core.plugin_system:Skipping extension 'colcon_core.shell.bat': Not used on non-Windows systems
[0.523s] INFO:colcon.colcon_core.shell:Creating environment hook '/trainee/workspace/trainee_ws/install/arm_simulation/share/arm_simulation/hook/ament_prefix_path.ps1'
[0.524s] INFO:colcon.colcon_core.shell:Creating environment descriptor '/trainee/workspace/trainee_ws/install/arm_simulation/share/arm_simulation/hook/ament_prefix_path.dsv'
[0.525s] INFO:colcon.colcon_core.shell:Creating environment hook '/trainee/workspace/trainee_ws/install/arm_simulation/share/arm_simulation/hook/ament_prefix_path.sh'
[0.526s] INFO:colcon.colcon_core.shell:Skip shell extension 'powershell' for command environment: Not usable outside of PowerShell
[0.526s] DEBUG:colcon.colcon_core.shell:Skip shell extension 'dsv' for command environment
[0.918s] INFO:colcon.colcon_core.task.python.build:Building Python package in '/trainee/workspace/trainee_ws/src/arm_simulation'
[0.919s] INFO:colcon.colcon_core.shell:Skip shell extension 'powershell' for command environment: Not usable outside of PowerShell
[0.919s] DEBUG:colcon.colcon_core.shell:Skip shell extension 'dsv' for command environment
[1.402s] DEBUG:colcon.colcon_core.event_handler.log_command:Invoking command in '/trainee/workspace/trainee_ws/build/arm_simulation': PYTHONPATH=/trainee/workspace/trainee_ws/build/arm_simulation/prefix_override:/usr/lib/python3/dist-packages/colcon_core/task/python/colcon_distutils_commands:/trainee/workspace/trainee_ws/install/arm_simulation/lib/python3.10/site-packages:${PYTHONPATH} /usr/bin/python3 -W ignore:setup.py install is deprecated -W ignore:easy_install command is deprecated setup.py develop --editable --build-directory /trainee/workspace/trainee_ws/build/arm_simulation/build --no-deps symlink_data
[2.026s] Level 1:colcon.colcon_core.shell:create_environment_hook('arm_simulation', 'pythonpath_develop')
[2.026s] INFO:colcon.colcon_core.shell:Creating environment hook '/trainee/workspace/trainee_ws/build/arm_simulation/share/arm_simulation/hook/pythonpath_develop.ps1'
[2.027s] DEBUG:colcon.colcon_core.event_handler.log_command:Invoked command in '/trainee/workspace/trainee_ws/build/arm_simulation' returned '0': PYTHONPATH=/trainee/workspace/trainee_ws/build/arm_simulation/prefix_override:/usr/lib/python3/dist-packages/colcon_core/task/python/colcon_distutils_commands:/trainee/workspace/trainee_ws/install/arm_simulation/lib/python3.10/site-packages:${PYTHONPATH} /usr/bin/python3 -W ignore:setup.py install is deprecated -W ignore:easy_install command is deprecated setup.py develop --editable --build-directory /trainee/workspace/trainee_ws/build/arm_simulation/build --no-deps symlink_data
[2.027s] INFO:colcon.colcon_core.shell:Creating environment descriptor '/trainee/workspace/trainee_ws/build/arm_simulation/share/arm_simulation/hook/pythonpath_develop.dsv'
[2.028s] INFO:colcon.colcon_core.shell:Creating environment hook '/trainee/workspace/trainee_ws/build/arm_simulation/share/arm_simulation/hook/pythonpath_develop.sh'
[2.032s] Level 1:colcon.colcon_core.environment:checking '/trainee/workspace/trainee_ws/install/arm_simulation' for CMake module files
[2.033s] Level 1:colcon.colcon_core.environment:checking '/trainee/workspace/trainee_ws/install/arm_simulation' for CMake config files
[2.034s] Level 1:colcon.colcon_core.environment:checking '/trainee/workspace/trainee_ws/install/arm_simulation/lib'
[2.034s] Level 1:colcon.colcon_core.environment:checking '/trainee/workspace/trainee_ws/install/arm_simulation/bin'
[2.034s] Level 1:colcon.colcon_core.environment:checking '/trainee/workspace/trainee_ws/install/arm_simulation/lib/pkgconfig/arm_simulation.pc'
[2.035s] Level 1:colcon.colcon_core.environment:checking '/trainee/workspace/trainee_ws/install/arm_simulation/lib/python3.10/site-packages'
[2.035s] Level 1:colcon.colcon_core.shell:create_environment_hook('arm_simulation', 'pythonpath')
[2.035s] INFO:colcon.colcon_core.shell:Creating environment hook '/trainee/workspace/trainee_ws/install/arm_simulation/share/arm_simulation/hook/pythonpath.ps1'
[2.036s] INFO:colcon.colcon_core.shell:Creating environment descriptor '/trainee/workspace/trainee_ws/install/arm_simulation/share/arm_simulation/hook/pythonpath.dsv'
[2.036s] INFO:colcon.colcon_core.shell:Creating environment hook '/trainee/workspace/trainee_ws/install/arm_simulation/share/arm_simulation/hook/pythonpath.sh'
[2.037s] Level 1:colcon.colcon_core.environment:checking '/trainee/workspace/trainee_ws/install/arm_simulation/bin'
[2.037s] Level 1:colcon.colcon_core.environment:create_environment_scripts_only(arm_simulation)
[2.038s] INFO:colcon.colcon_core.shell:Creating package script '/trainee/workspace/trainee_ws/install/arm_simulation/share/arm_simulation/package.ps1'
[2.039s] INFO:colcon.colcon_core.shell:Creating package descriptor '/trainee/workspace/trainee_ws/install/arm_simulation/share/arm_simulation/package.dsv'
[2.040s] INFO:colcon.colcon_core.shell:Creating package script '/trainee/workspace/trainee_ws/install/arm_simulation/share/arm_simulation/package.sh'
[2.041s] INFO:colcon.colcon_core.shell:Creating package script '/trainee/workspace/trainee_ws/install/arm_simulation/share/arm_simulation/package.bash'
[2.042s] INFO:colcon.colcon_core.shell:Creating package script '/trainee/workspace/trainee_ws/install/arm_simulation/share/arm_simulation/package.zsh'
[2.043s] Level 1:colcon.colcon_core.environment:create_file_with_runtime_dependencies(/trainee/workspace/trainee_ws/install/arm_simulation/share/colcon-core/packages/arm_simulation)
[2.043s] DEBUG:colcon.colcon_parallel_executor.executor.parallel:closing loop
[2.044s] DEBUG:colcon.colcon_parallel_executor.executor.parallel:loop closed
[2.044s] DEBUG:colcon.colcon_parallel_executor.executor.parallel:run_until_complete finished with '0'
[2.044s] DEBUG:colcon.colcon_core.event_reactor:joining thread
[2.052s] INFO:colcon.colcon_core.plugin_system:Skipping extension 'colcon_notification.desktop_notification.notify_send': Could not find 'notify-send'
[2.052s] INFO:colcon.colcon_core.plugin_system:Skipping extension 'colcon_notification.desktop_notification.terminal_notifier': Not used on non-Darwin systems
[2.052s] INFO:colcon.colcon_core.plugin_system:Skipping extension 'colcon_notification.desktop_notification.win32': Not used on non-Windows systems
[2.052s] INFO:colcon.colcon_notification.desktop_notification:Sending desktop notification using 'notify2'
[2.056s] DEBUG:colcon.colcon_notification.desktop_notification.notify2:Failed to initialize notify2: org.freedesktop.DBus.Error.Spawn.ExecFailed: /usr/bin/dbus-launch terminated abnormally without any error message
[2.056s] DEBUG:colcon.colcon_core.event_reactor:joined thread
[2.057s] INFO:colcon.colcon_core.shell:Creating prefix script '/trainee/workspace/trainee_ws/install/local_setup.ps1'
[2.059s] INFO:colcon.colcon_core.shell:Creating prefix util module '/trainee/workspace/trainee_ws/install/_local_setup_util_ps1.py'
[2.061s] INFO:colcon.colcon_core.shell:Creating prefix chain script '/trainee/workspace/trainee_ws/install/setup.ps1'
[2.062s] INFO:colcon.colcon_core.shell:Creating prefix script '/trainee/workspace/trainee_ws/install/local_setup.sh'
[2.063s] INFO:colcon.colcon_core.shell:Creating prefix util module '/trainee/workspace/trainee_ws/install/_local_setup_util_sh.py'
[2.064s] INFO:colcon.colcon_core.shell:Creating prefix chain script '/trainee/workspace/trainee_ws/install/setup.sh'
[2.066s] INFO:colcon.colcon_core.shell:Creating prefix script '/trainee/workspace/trainee_ws/install/local_setup.bash'
[2.067s] INFO:colcon.colcon_core.shell:Creating prefix chain script '/trainee/workspace/trainee_ws/install/setup.bash'
[2.069s] INFO:colcon.colcon_core.shell:Creating prefix script '/trainee/workspace/trainee_ws/install/local_setup.zsh'
[2.069s] INFO:colcon.colcon_core.shell:Creating prefix chain script '/trainee/workspace/trainee_ws/install/setup.zsh'
