[0.204s] DEBUG:colcon:Command line arguments: ['/usr/bin/colcon', 'build']
[0.204s] DEBUG:colcon:Parsed command line arguments: Namespace(log_base=None, log_level=None, verb_name='build', build_base='build', install_base='install', merge_install=False, symlink_install=False, test_result_base=None, continue_on_error=False, executor='parallel', parallel_workers=6, event_handlers=None, ignore_user_meta=False, metas=['./colcon.meta'], base_paths=['.'], packages_ignore=None, packages_ignore_regex=None, paths=None, packages_up_to=None, packages_up_to_regex=None, packages_above=None, packages_above_and_dependencies=None, packages_above_depth=None, packages_select_by_dep=None, packages_skip_by_dep=None, packages_skip_up_to=None, packages_select_build_failed=False, packages_skip_build_finished=False, packages_select_test_failures=False, packages_skip_test_passed=False, packages_select=None, packages_skip=None, packages_select_regex=None, packages_skip_regex=None, packages_start=None, packages_end=None, cmake_args=None, cmake_target=None, cmake_target_skip_unavailable=False, cmake_clean_cache=False, cmake_clean_first=False, cmake_force_configure=False, ament_cmake_args=None, catkin_cmake_args=None, catkin_skip_building_tests=False, mixin_files=None, mixin=None, verb_parser=<colcon_mixin.mixin.mixin_argument.MixinArgumentDecorator object at 0x72f363631db0>, verb_extension=<colcon_core.verb.build.BuildVerb object at 0x72f363631720>, main=<bound method BuildVerb.main of <colcon_core.verb.build.BuildVerb object at 0x72f363631720>>, mixin_verb=('build',))
[0.484s] Level 1:colcon.colcon_core.package_discovery:discover_packages(colcon_meta) check parameters
[0.484s] Level 1:colcon.colcon_core.package_discovery:discover_packages(recursive) check parameters
[0.484s] Level 1:colcon.colcon_core.package_discovery:discover_packages(ignore) check parameters
[0.484s] Level 1:colcon.colcon_core.package_discovery:discover_packages(path) check parameters
[0.484s] Level 1:colcon.colcon_core.package_discovery:discover_packages(colcon_meta) discover
[0.484s] Level 1:colcon.colcon_core.package_discovery:discover_packages(recursive) discover
[0.484s] INFO:colcon.colcon_core.package_discovery:Crawling recursively for packages in '/trainee/workspace/trainee_ws_pinguin/src'
[0.484s] Level 1:colcon.colcon_core.package_identification:_identify(.) by extensions ['ignore', 'ignore_ament_install']
[0.484s] Level 1:colcon.colcon_core.package_identification:_identify(.) by extension 'ignore'
[0.484s] Level 1:colcon.colcon_core.package_identification:_identify(.) by extension 'ignore_ament_install'
[0.485s] Level 1:colcon.colcon_core.package_identification:_identify(.) by extensions ['colcon_pkg']
[0.485s] Level 1:colcon.colcon_core.package_identification:_identify(.) by extension 'colcon_pkg'
[0.485s] Level 1:colcon.colcon_core.package_identification:_identify(.) by extensions ['colcon_meta']
[0.485s] Level 1:colcon.colcon_core.package_identification:_identify(.) by extension 'colcon_meta'
[0.485s] Level 1:colcon.colcon_core.package_identification:_identify(.) by extensions ['ros']
[0.485s] Level 1:colcon.colcon_core.package_identification:_identify(.) by extension 'ros'
[0.502s] Level 1:colcon.colcon_core.package_identification:_identify(.) by extensions ['cmake', 'python']
[0.503s] Level 1:colcon.colcon_core.package_identification:_identify(.) by extension 'cmake'
[0.503s] Level 1:colcon.colcon_core.package_identification:_identify(.) by extension 'python'
[0.503s] Level 1:colcon.colcon_core.package_identification:_identify(.) by extensions ['python_setup_py']
[0.503s] Level 1:colcon.colcon_core.package_identification:_identify(.) by extension 'python_setup_py'
[0.503s] Level 1:colcon.colcon_core.package_identification:_identify(build) by extensions ['ignore', 'ignore_ament_install']
[0.503s] Level 1:colcon.colcon_core.package_identification:_identify(build) by extension 'ignore'
[0.503s] Level 1:colcon.colcon_core.package_identification:_identify(build) ignored
[0.503s] Level 1:colcon.colcon_core.package_identification:_identify(install) by extensions ['ignore', 'ignore_ament_install']
[0.504s] Level 1:colcon.colcon_core.package_identification:_identify(install) by extension 'ignore'
[0.504s] Level 1:colcon.colcon_core.package_identification:_identify(install) ignored
[0.504s] Level 1:colcon.colcon_core.package_identification:_identify(keyboard_check) by extensions ['ignore', 'ignore_ament_install']
[0.504s] Level 1:colcon.colcon_core.package_identification:_identify(keyboard_check) by extension 'ignore'
[0.504s] Level 1:colcon.colcon_core.package_identification:_identify(keyboard_check) by extension 'ignore_ament_install'
[0.504s] Level 1:colcon.colcon_core.package_identification:_identify(keyboard_check) by extensions ['colcon_pkg']
[0.504s] Level 1:colcon.colcon_core.package_identification:_identify(keyboard_check) by extension 'colcon_pkg'
[0.504s] Level 1:colcon.colcon_core.package_identification:_identify(keyboard_check) by extensions ['colcon_meta']
[0.504s] Level 1:colcon.colcon_core.package_identification:_identify(keyboard_check) by extension 'colcon_meta'
[0.504s] Level 1:colcon.colcon_core.package_identification:_identify(keyboard_check) by extensions ['ros']
[0.504s] Level 1:colcon.colcon_core.package_identification:_identify(keyboard_check) by extension 'ros'
[0.510s] DEBUG:colcon.colcon_core.package_identification:Package 'keyboard_check' with type 'ros.ament_python' and name 'keyboard_check'
[0.510s] Level 1:colcon.colcon_core.package_identification:_identify(log) by extensions ['ignore', 'ignore_ament_install']
[0.510s] Level 1:colcon.colcon_core.package_identification:_identify(log) by extension 'ignore'
[0.510s] Level 1:colcon.colcon_core.package_identification:_identify(log) ignored
[0.510s] Level 1:colcon.colcon_core.package_identification:_identify(webots_packed) by extensions ['ignore', 'ignore_ament_install']
[0.510s] Level 1:colcon.colcon_core.package_identification:_identify(webots_packed) by extension 'ignore'
[0.511s] Level 1:colcon.colcon_core.package_identification:_identify(webots_packed) by extension 'ignore_ament_install'
[0.511s] Level 1:colcon.colcon_core.package_identification:_identify(webots_packed) by extensions ['colcon_pkg']
[0.511s] Level 1:colcon.colcon_core.package_identification:_identify(webots_packed) by extension 'colcon_pkg'
[0.511s] Level 1:colcon.colcon_core.package_identification:_identify(webots_packed) by extensions ['colcon_meta']
[0.511s] Level 1:colcon.colcon_core.package_identification:_identify(webots_packed) by extension 'colcon_meta'
[0.511s] Level 1:colcon.colcon_core.package_identification:_identify(webots_packed) by extensions ['ros']
[0.511s] Level 1:colcon.colcon_core.package_identification:_identify(webots_packed) by extension 'ros'
[0.512s] DEBUG:colcon.colcon_core.package_identification:Package 'webots_packed' with type 'ros.ament_python' and name 'webots_packed'
[0.512s] Level 1:colcon.colcon_core.package_discovery:discover_packages(recursive) using defaults
[0.512s] Level 1:colcon.colcon_core.package_discovery:discover_packages(ignore) discover
[0.512s] Level 1:colcon.colcon_core.package_discovery:discover_packages(ignore) using defaults
[0.512s] Level 1:colcon.colcon_core.package_discovery:discover_packages(path) discover
[0.512s] Level 1:colcon.colcon_core.package_discovery:discover_packages(path) using defaults
[0.544s] Level 5:colcon.colcon_core.verb:set package 'keyboard_check' build argument 'cmake_args' from command line to 'None'
[0.545s] Level 5:colcon.colcon_core.verb:set package 'keyboard_check' build argument 'cmake_target' from command line to 'None'
[0.545s] Level 5:colcon.colcon_core.verb:set package 'keyboard_check' build argument 'cmake_target_skip_unavailable' from command line to 'False'
[0.545s] Level 5:colcon.colcon_core.verb:set package 'keyboard_check' build argument 'cmake_clean_cache' from command line to 'False'
[0.545s] Level 5:colcon.colcon_core.verb:set package 'keyboard_check' build argument 'cmake_clean_first' from command line to 'False'
[0.545s] Level 5:colcon.colcon_core.verb:set package 'keyboard_check' build argument 'cmake_force_configure' from command line to 'False'
[0.545s] Level 5:colcon.colcon_core.verb:set package 'keyboard_check' build argument 'ament_cmake_args' from command line to 'None'
[0.545s] Level 5:colcon.colcon_core.verb:set package 'keyboard_check' build argument 'catkin_cmake_args' from command line to 'None'
[0.545s] Level 5:colcon.colcon_core.verb:set package 'keyboard_check' build argument 'catkin_skip_building_tests' from command line to 'False'
[0.545s] DEBUG:colcon.colcon_core.verb:Building package 'keyboard_check' with the following arguments: {'ament_cmake_args': None, 'build_base': '/trainee/workspace/trainee_ws_pinguin/src/build/keyboard_check', 'catkin_cmake_args': None, 'catkin_skip_building_tests': False, 'cmake_args': None, 'cmake_clean_cache': False, 'cmake_clean_first': False, 'cmake_force_configure': False, 'cmake_target': None, 'cmake_target_skip_unavailable': False, 'install_base': '/trainee/workspace/trainee_ws_pinguin/src/install/keyboard_check', 'merge_install': False, 'path': '/trainee/workspace/trainee_ws_pinguin/src/keyboard_check', 'symlink_install': False, 'test_result_base': None}
[0.546s] Level 5:colcon.colcon_core.verb:set package 'webots_packed' build argument 'cmake_args' from command line to 'None'
[0.546s] Level 5:colcon.colcon_core.verb:set package 'webots_packed' build argument 'cmake_target' from command line to 'None'
[0.546s] Level 5:colcon.colcon_core.verb:set package 'webots_packed' build argument 'cmake_target_skip_unavailable' from command line to 'False'
[0.546s] Level 5:colcon.colcon_core.verb:set package 'webots_packed' build argument 'cmake_clean_cache' from command line to 'False'
[0.546s] Level 5:colcon.colcon_core.verb:set package 'webots_packed' build argument 'cmake_clean_first' from command line to 'False'
[0.546s] Level 5:colcon.colcon_core.verb:set package 'webots_packed' build argument 'cmake_force_configure' from command line to 'False'
[0.546s] Level 5:colcon.colcon_core.verb:set package 'webots_packed' build argument 'ament_cmake_args' from command line to 'None'
[0.546s] Level 5:colcon.colcon_core.verb:set package 'webots_packed' build argument 'catkin_cmake_args' from command line to 'None'
[0.546s] Level 5:colcon.colcon_core.verb:set package 'webots_packed' build argument 'catkin_skip_building_tests' from command line to 'False'
[0.546s] DEBUG:colcon.colcon_core.verb:Building package 'webots_packed' with the following arguments: {'ament_cmake_args': None, 'build_base': '/trainee/workspace/trainee_ws_pinguin/src/build/webots_packed', 'catkin_cmake_args': None, 'catkin_skip_building_tests': False, 'cmake_args': None, 'cmake_clean_cache': False, 'cmake_clean_first': False, 'cmake_force_configure': False, 'cmake_target': None, 'cmake_target_skip_unavailable': False, 'install_base': '/trainee/workspace/trainee_ws_pinguin/src/install/webots_packed', 'merge_install': False, 'path': '/trainee/workspace/trainee_ws_pinguin/src/webots_packed', 'symlink_install': False, 'test_result_base': None}
[0.547s] INFO:colcon.colcon_core.executor:Executing jobs using 'parallel' executor
[0.549s] DEBUG:colcon.colcon_parallel_executor.executor.parallel:run_until_complete
[0.549s] INFO:colcon.colcon_ros.task.ament_python.build:Building ROS package in '/trainee/workspace/trainee_ws_pinguin/src/keyboard_check' with build type 'ament_python'
[0.550s] Level 1:colcon.colcon_core.shell:create_environment_hook('keyboard_check', 'ament_prefix_path')
[0.554s] INFO:colcon.colcon_core.plugin_system:Skipping extension 'colcon_core.shell.bat': Not used on non-Windows systems
[0.554s] INFO:colcon.colcon_core.shell:Creating environment hook '/trainee/workspace/trainee_ws_pinguin/src/install/keyboard_check/share/keyboard_check/hook/ament_prefix_path.ps1'
[0.556s] INFO:colcon.colcon_core.shell:Creating environment descriptor '/trainee/workspace/trainee_ws_pinguin/src/install/keyboard_check/share/keyboard_check/hook/ament_prefix_path.dsv'
[0.557s] INFO:colcon.colcon_core.shell:Creating environment hook '/trainee/workspace/trainee_ws_pinguin/src/install/keyboard_check/share/keyboard_check/hook/ament_prefix_path.sh'
[0.559s] INFO:colcon.colcon_core.shell:Skip shell extension 'powershell' for command environment: Not usable outside of PowerShell
[0.559s] DEBUG:colcon.colcon_core.shell:Skip shell extension 'dsv' for command environment
[0.581s] INFO:colcon.colcon_ros.task.ament_python.build:Building ROS package in '/trainee/workspace/trainee_ws_pinguin/src/webots_packed' with build type 'ament_python'
[0.581s] Level 1:colcon.colcon_core.shell:create_environment_hook('webots_packed', 'ament_prefix_path')
[0.582s] INFO:colcon.colcon_core.shell:Creating environment hook '/trainee/workspace/trainee_ws_pinguin/src/install/webots_packed/share/webots_packed/hook/ament_prefix_path.ps1'
[0.583s] INFO:colcon.colcon_core.shell:Creating environment descriptor '/trainee/workspace/trainee_ws_pinguin/src/install/webots_packed/share/webots_packed/hook/ament_prefix_path.dsv'
[0.583s] INFO:colcon.colcon_core.shell:Creating environment hook '/trainee/workspace/trainee_ws_pinguin/src/install/webots_packed/share/webots_packed/hook/ament_prefix_path.sh'
[0.584s] INFO:colcon.colcon_core.shell:Skip shell extension 'powershell' for command environment: Not usable outside of PowerShell
[0.584s] DEBUG:colcon.colcon_core.shell:Skip shell extension 'dsv' for command environment
[1.019s] WARNING:colcon.colcon_ros.task.ament_python.build:Package 'keyboard_check' doesn't explicitly install a marker in the package index (colcon-ros currently does it implicitly but that fallback will be removed in the future)
[1.020s] WARNING:colcon.colcon_ros.task.ament_python.build:Package 'keyboard_check' doesn't explicitly install the 'package.xml' file (colcon-ros currently does it implicitly but that fallback will be removed in the future)
[1.021s] INFO:colcon.colcon_core.task.python.build:Building Python package in '/trainee/workspace/trainee_ws_pinguin/src/keyboard_check'
[1.021s] INFO:colcon.colcon_core.shell:Skip shell extension 'powershell' for command environment: Not usable outside of PowerShell
[1.022s] DEBUG:colcon.colcon_core.shell:Skip shell extension 'dsv' for command environment
[1.454s] WARNING:colcon.colcon_ros.task.ament_python.build:Package 'webots_packed' doesn't explicitly install a marker in the package index (colcon-ros currently does it implicitly but that fallback will be removed in the future)
[1.455s] WARNING:colcon.colcon_ros.task.ament_python.build:Package 'webots_packed' doesn't explicitly install the 'package.xml' file (colcon-ros currently does it implicitly but that fallback will be removed in the future)
[1.456s] INFO:colcon.colcon_core.task.python.build:Building Python package in '/trainee/workspace/trainee_ws_pinguin/src/webots_packed'
[1.457s] INFO:colcon.colcon_core.shell:Skip shell extension 'powershell' for command environment: Not usable outside of PowerShell
[1.457s] DEBUG:colcon.colcon_core.shell:Skip shell extension 'dsv' for command environment
[2.082s] DEBUG:colcon.colcon_core.event_handler.log_command:Invoking command in '/trainee/workspace/trainee_ws_pinguin/src/keyboard_check': PYTHONPATH=/trainee/workspace/trainee_ws_pinguin/src/build/keyboard_check/prefix_override:/usr/lib/python3/dist-packages/colcon_core/task/python/colcon_distutils_commands:/trainee/workspace/trainee_ws_pinguin/src/install/keyboard_check/lib/python3.10/site-packages:${PYTHONPATH} /usr/bin/python3 -W ignore:setup.py install is deprecated -W ignore:easy_install command is deprecated setup.py egg_info --egg-base ../build/keyboard_check build --build-base /trainee/workspace/trainee_ws_pinguin/src/build/keyboard_check/build install --record /trainee/workspace/trainee_ws_pinguin/src/build/keyboard_check/install.log --single-version-externally-managed
[2.086s] DEBUG:colcon.colcon_core.event_handler.log_command:Invoking command in '/trainee/workspace/trainee_ws_pinguin/src/webots_packed': PYTHONPATH=/trainee/workspace/trainee_ws_pinguin/src/build/webots_packed/prefix_override:/usr/lib/python3/dist-packages/colcon_core/task/python/colcon_distutils_commands:/trainee/workspace/trainee_ws_pinguin/src/install/webots_packed/lib/python3.10/site-packages:${PYTHONPATH} /usr/bin/python3 -W ignore:setup.py install is deprecated -W ignore:easy_install command is deprecated setup.py egg_info --egg-base ../build/webots_packed build --build-base /trainee/workspace/trainee_ws_pinguin/src/build/webots_packed/build install --record /trainee/workspace/trainee_ws_pinguin/src/build/webots_packed/install.log --single-version-externally-managed
[2.580s] DEBUG:colcon.colcon_core.event_handler.log_command:Invoked command in '/trainee/workspace/trainee_ws_pinguin/src/keyboard_check' returned '0': PYTHONPATH=/trainee/workspace/trainee_ws_pinguin/src/build/keyboard_check/prefix_override:/usr/lib/python3/dist-packages/colcon_core/task/python/colcon_distutils_commands:/trainee/workspace/trainee_ws_pinguin/src/install/keyboard_check/lib/python3.10/site-packages:${PYTHONPATH} /usr/bin/python3 -W ignore:setup.py install is deprecated -W ignore:easy_install command is deprecated setup.py egg_info --egg-base ../build/keyboard_check build --build-base /trainee/workspace/trainee_ws_pinguin/src/build/keyboard_check/build install --record /trainee/workspace/trainee_ws_pinguin/src/build/keyboard_check/install.log --single-version-externally-managed
[2.584s] Level 1:colcon.colcon_core.environment:checking '/trainee/workspace/trainee_ws_pinguin/src/install/keyboard_check' for CMake module files
[2.586s] Level 1:colcon.colcon_core.environment:checking '/trainee/workspace/trainee_ws_pinguin/src/install/keyboard_check' for CMake config files
[2.587s] Level 1:colcon.colcon_core.environment:checking '/trainee/workspace/trainee_ws_pinguin/src/install/keyboard_check/lib'
[2.588s] Level 1:colcon.colcon_core.environment:checking '/trainee/workspace/trainee_ws_pinguin/src/install/keyboard_check/bin'
[2.588s] Level 1:colcon.colcon_core.environment:checking '/trainee/workspace/trainee_ws_pinguin/src/install/keyboard_check/lib/pkgconfig/keyboard_check.pc'
[2.588s] Level 1:colcon.colcon_core.environment:checking '/trainee/workspace/trainee_ws_pinguin/src/install/keyboard_check/lib/python3.10/site-packages'
[2.589s] Level 1:colcon.colcon_core.shell:create_environment_hook('keyboard_check', 'pythonpath')
[2.590s] INFO:colcon.colcon_core.shell:Creating environment hook '/trainee/workspace/trainee_ws_pinguin/src/install/keyboard_check/share/keyboard_check/hook/pythonpath.ps1'
[2.592s] INFO:colcon.colcon_core.shell:Creating environment descriptor '/trainee/workspace/trainee_ws_pinguin/src/install/keyboard_check/share/keyboard_check/hook/pythonpath.dsv'
[2.593s] INFO:colcon.colcon_core.shell:Creating environment hook '/trainee/workspace/trainee_ws_pinguin/src/install/keyboard_check/share/keyboard_check/hook/pythonpath.sh'
[2.596s] Level 1:colcon.colcon_core.environment:checking '/trainee/workspace/trainee_ws_pinguin/src/install/keyboard_check/bin'
[2.596s] Level 1:colcon.colcon_core.environment:create_environment_scripts_only(keyboard_check)
[2.597s] INFO:colcon.colcon_core.shell:Creating package script '/trainee/workspace/trainee_ws_pinguin/src/install/keyboard_check/share/keyboard_check/package.ps1'
[2.600s] INFO:colcon.colcon_core.shell:Creating package descriptor '/trainee/workspace/trainee_ws_pinguin/src/install/keyboard_check/share/keyboard_check/package.dsv'
[2.603s] INFO:colcon.colcon_core.shell:Creating package script '/trainee/workspace/trainee_ws_pinguin/src/install/keyboard_check/share/keyboard_check/package.sh'
[2.606s] INFO:colcon.colcon_core.shell:Creating package script '/trainee/workspace/trainee_ws_pinguin/src/install/keyboard_check/share/keyboard_check/package.bash'
[2.608s] INFO:colcon.colcon_core.shell:Creating package script '/trainee/workspace/trainee_ws_pinguin/src/install/keyboard_check/share/keyboard_check/package.zsh'
[2.611s] Level 1:colcon.colcon_core.environment:create_file_with_runtime_dependencies(/trainee/workspace/trainee_ws_pinguin/src/install/keyboard_check/share/colcon-core/packages/keyboard_check)
[2.615s] Level 1:colcon.colcon_core.environment:checking '/trainee/workspace/trainee_ws_pinguin/src/install/webots_packed' for CMake module files
[2.615s] DEBUG:colcon.colcon_core.event_handler.log_command:Invoked command in '/trainee/workspace/trainee_ws_pinguin/src/webots_packed' returned '0': PYTHONPATH=/trainee/workspace/trainee_ws_pinguin/src/build/webots_packed/prefix_override:/usr/lib/python3/dist-packages/colcon_core/task/python/colcon_distutils_commands:/trainee/workspace/trainee_ws_pinguin/src/install/webots_packed/lib/python3.10/site-packages:${PYTHONPATH} /usr/bin/python3 -W ignore:setup.py install is deprecated -W ignore:easy_install command is deprecated setup.py egg_info --egg-base ../build/webots_packed build --build-base /trainee/workspace/trainee_ws_pinguin/src/build/webots_packed/build install --record /trainee/workspace/trainee_ws_pinguin/src/build/webots_packed/install.log --single-version-externally-managed
[2.619s] Level 1:colcon.colcon_core.environment:checking '/trainee/workspace/trainee_ws_pinguin/src/install/webots_packed' for CMake config files
[2.619s] Level 1:colcon.colcon_core.environment:checking '/trainee/workspace/trainee_ws_pinguin/src/install/webots_packed/lib'
[2.619s] Level 1:colcon.colcon_core.environment:checking '/trainee/workspace/trainee_ws_pinguin/src/install/webots_packed/bin'
[2.620s] Level 1:colcon.colcon_core.environment:checking '/trainee/workspace/trainee_ws_pinguin/src/install/webots_packed/lib/pkgconfig/webots_packed.pc'
[2.620s] Level 1:colcon.colcon_core.environment:checking '/trainee/workspace/trainee_ws_pinguin/src/install/webots_packed/lib/python3.10/site-packages'
[2.620s] Level 1:colcon.colcon_core.shell:create_environment_hook('webots_packed', 'pythonpath')
[2.620s] INFO:colcon.colcon_core.shell:Creating environment hook '/trainee/workspace/trainee_ws_pinguin/src/install/webots_packed/share/webots_packed/hook/pythonpath.ps1'
[2.621s] INFO:colcon.colcon_core.shell:Creating environment descriptor '/trainee/workspace/trainee_ws_pinguin/src/install/webots_packed/share/webots_packed/hook/pythonpath.dsv'
[2.622s] INFO:colcon.colcon_core.shell:Creating environment hook '/trainee/workspace/trainee_ws_pinguin/src/install/webots_packed/share/webots_packed/hook/pythonpath.sh'
[2.623s] Level 1:colcon.colcon_core.environment:checking '/trainee/workspace/trainee_ws_pinguin/src/install/webots_packed/bin'
[2.623s] Level 1:colcon.colcon_core.environment:create_environment_scripts_only(webots_packed)
[2.624s] INFO:colcon.colcon_core.shell:Creating package script '/trainee/workspace/trainee_ws_pinguin/src/install/webots_packed/share/webots_packed/package.ps1'
[2.625s] INFO:colcon.colcon_core.shell:Creating package descriptor '/trainee/workspace/trainee_ws_pinguin/src/install/webots_packed/share/webots_packed/package.dsv'
[2.626s] INFO:colcon.colcon_core.shell:Creating package script '/trainee/workspace/trainee_ws_pinguin/src/install/webots_packed/share/webots_packed/package.sh'
[2.626s] INFO:colcon.colcon_core.shell:Creating package script '/trainee/workspace/trainee_ws_pinguin/src/install/webots_packed/share/webots_packed/package.bash'
[2.627s] INFO:colcon.colcon_core.shell:Creating package script '/trainee/workspace/trainee_ws_pinguin/src/install/webots_packed/share/webots_packed/package.zsh'
[2.627s] Level 1:colcon.colcon_core.environment:create_file_with_runtime_dependencies(/trainee/workspace/trainee_ws_pinguin/src/install/webots_packed/share/colcon-core/packages/webots_packed)
[2.628s] DEBUG:colcon.colcon_parallel_executor.executor.parallel:closing loop
[2.628s] DEBUG:colcon.colcon_parallel_executor.executor.parallel:loop closed
[2.628s] DEBUG:colcon.colcon_parallel_executor.executor.parallel:run_until_complete finished with '0'
[2.628s] DEBUG:colcon.colcon_core.event_reactor:joining thread
[2.637s] INFO:colcon.colcon_core.plugin_system:Skipping extension 'colcon_notification.desktop_notification.notify_send': Could not find 'notify-send'
[2.637s] INFO:colcon.colcon_core.plugin_system:Skipping extension 'colcon_notification.desktop_notification.terminal_notifier': Not used on non-Darwin systems
[2.637s] INFO:colcon.colcon_core.plugin_system:Skipping extension 'colcon_notification.desktop_notification.win32': Not used on non-Windows systems
[2.637s] INFO:colcon.colcon_notification.desktop_notification:Sending desktop notification using 'notify2'
[2.640s] DEBUG:colcon.colcon_notification.desktop_notification.notify2:Failed to initialize notify2: org.freedesktop.DBus.Error.Spawn.ExecFailed: /usr/bin/dbus-launch terminated abnormally without any error message
[2.640s] DEBUG:colcon.colcon_core.event_reactor:joined thread
[2.641s] INFO:colcon.colcon_core.shell:Creating prefix script '/trainee/workspace/trainee_ws_pinguin/src/install/local_setup.ps1'
[2.643s] INFO:colcon.colcon_core.shell:Creating prefix util module '/trainee/workspace/trainee_ws_pinguin/src/install/_local_setup_util_ps1.py'
[2.646s] INFO:colcon.colcon_core.shell:Creating prefix chain script '/trainee/workspace/trainee_ws_pinguin/src/install/setup.ps1'
[2.649s] INFO:colcon.colcon_core.shell:Creating prefix script '/trainee/workspace/trainee_ws_pinguin/src/install/local_setup.sh'
[2.650s] INFO:colcon.colcon_core.shell:Creating prefix util module '/trainee/workspace/trainee_ws_pinguin/src/install/_local_setup_util_sh.py'
[2.651s] INFO:colcon.colcon_core.shell:Creating prefix chain script '/trainee/workspace/trainee_ws_pinguin/src/install/setup.sh'
[2.653s] INFO:colcon.colcon_core.shell:Creating prefix script '/trainee/workspace/trainee_ws_pinguin/src/install/local_setup.bash'
[2.654s] INFO:colcon.colcon_core.shell:Creating prefix chain script '/trainee/workspace/trainee_ws_pinguin/src/install/setup.bash'
[2.656s] INFO:colcon.colcon_core.shell:Creating prefix script '/trainee/workspace/trainee_ws_pinguin/src/install/local_setup.zsh'
[2.657s] INFO:colcon.colcon_core.shell:Creating prefix chain script '/trainee/workspace/trainee_ws_pinguin/src/install/setup.zsh'
