[0.188s] DEBUG:colcon:Command line arguments: ['/usr/bin/colcon', 'build']
[0.188s] DEBUG:colcon:Parsed command line arguments: Namespace(log_base=None, log_level=None, verb_name='build', build_base='build', install_base='install', merge_install=False, symlink_install=False, test_result_base=None, continue_on_error=False, executor='parallel', parallel_workers=6, event_handlers=None, ignore_user_meta=False, metas=['./colcon.meta'], base_paths=['.'], packages_ignore=None, packages_ignore_regex=None, paths=None, packages_up_to=None, packages_up_to_regex=None, packages_above=None, packages_above_and_dependencies=None, packages_above_depth=None, packages_select_by_dep=None, packages_skip_by_dep=None, packages_skip_up_to=None, packages_select_build_failed=False, packages_skip_build_finished=False, packages_select_test_failures=False, packages_skip_test_passed=False, packages_select=None, packages_skip=None, packages_select_regex=None, packages_skip_regex=None, packages_start=None, packages_end=None, cmake_args=None, cmake_target=None, cmake_target_skip_unavailable=False, cmake_clean_cache=False, cmake_clean_first=False, cmake_force_configure=False, ament_cmake_args=None, catkin_cmake_args=None, catkin_skip_building_tests=False, mixin_files=None, mixin=None, verb_parser=<colcon_mixin.mixin.mixin_argument.MixinArgumentDecorator object at 0x7171a22ed660>, verb_extension=<colcon_core.verb.build.BuildVerb object at 0x7171a22ecfd0>, main=<bound method BuildVerb.main of <colcon_core.verb.build.BuildVerb object at 0x7171a22ecfd0>>, mixin_verb=('build',))
[0.461s] Level 1:colcon.colcon_core.package_discovery:discover_packages(colcon_meta) check parameters
[0.461s] Level 1:colcon.colcon_core.package_discovery:discover_packages(recursive) check parameters
[0.462s] Level 1:colcon.colcon_core.package_discovery:discover_packages(ignore) check parameters
[0.462s] Level 1:colcon.colcon_core.package_discovery:discover_packages(path) check parameters
[0.462s] Level 1:colcon.colcon_core.package_discovery:discover_packages(colcon_meta) discover
[0.462s] Level 1:colcon.colcon_core.package_discovery:discover_packages(recursive) discover
[0.462s] INFO:colcon.colcon_core.package_discovery:Crawling recursively for packages in '/trainee/workspace/trainee_ws_pinguin/src'
[0.462s] Level 1:colcon.colcon_core.package_identification:_identify(.) by extensions ['ignore', 'ignore_ament_install']
[0.462s] Level 1:colcon.colcon_core.package_identification:_identify(.) by extension 'ignore'
[0.462s] Level 1:colcon.colcon_core.package_identification:_identify(.) by extension 'ignore_ament_install'
[0.462s] Level 1:colcon.colcon_core.package_identification:_identify(.) by extensions ['colcon_pkg']
[0.462s] Level 1:colcon.colcon_core.package_identification:_identify(.) by extension 'colcon_pkg'
[0.462s] Level 1:colcon.colcon_core.package_identification:_identify(.) by extensions ['colcon_meta']
[0.462s] Level 1:colcon.colcon_core.package_identification:_identify(.) by extension 'colcon_meta'
[0.462s] Level 1:colcon.colcon_core.package_identification:_identify(.) by extensions ['ros']
[0.462s] Level 1:colcon.colcon_core.package_identification:_identify(.) by extension 'ros'
[0.480s] Level 1:colcon.colcon_core.package_identification:_identify(.) by extensions ['cmake', 'python']
[0.480s] Level 1:colcon.colcon_core.package_identification:_identify(.) by extension 'cmake'
[0.481s] Level 1:colcon.colcon_core.package_identification:_identify(.) by extension 'python'
[0.481s] Level 1:colcon.colcon_core.package_identification:_identify(.) by extensions ['python_setup_py']
[0.481s] Level 1:colcon.colcon_core.package_identification:_identify(.) by extension 'python_setup_py'
[0.481s] Level 1:colcon.colcon_core.package_identification:_identify(build) by extensions ['ignore', 'ignore_ament_install']
[0.481s] Level 1:colcon.colcon_core.package_identification:_identify(build) by extension 'ignore'
[0.481s] Level 1:colcon.colcon_core.package_identification:_identify(build) ignored
[0.481s] Level 1:colcon.colcon_core.package_identification:_identify(install) by extensions ['ignore', 'ignore_ament_install']
[0.481s] Level 1:colcon.colcon_core.package_identification:_identify(install) by extension 'ignore'
[0.481s] Level 1:colcon.colcon_core.package_identification:_identify(install) ignored
[0.482s] Level 1:colcon.colcon_core.package_identification:_identify(keyboard_check) by extensions ['ignore', 'ignore_ament_install']
[0.482s] Level 1:colcon.colcon_core.package_identification:_identify(keyboard_check) by extension 'ignore'
[0.482s] Level 1:colcon.colcon_core.package_identification:_identify(keyboard_check) by extension 'ignore_ament_install'
[0.482s] Level 1:colcon.colcon_core.package_identification:_identify(keyboard_check) by extensions ['colcon_pkg']
[0.482s] Level 1:colcon.colcon_core.package_identification:_identify(keyboard_check) by extension 'colcon_pkg'
[0.482s] Level 1:colcon.colcon_core.package_identification:_identify(keyboard_check) by extensions ['colcon_meta']
[0.482s] Level 1:colcon.colcon_core.package_identification:_identify(keyboard_check) by extension 'colcon_meta'
[0.482s] Level 1:colcon.colcon_core.package_identification:_identify(keyboard_check) by extensions ['ros']
[0.482s] Level 1:colcon.colcon_core.package_identification:_identify(keyboard_check) by extension 'ros'
[0.486s] DEBUG:colcon.colcon_core.package_identification:Package 'keyboard_check' with type 'ros.ament_python' and name 'keyboard_check'
[0.486s] Level 1:colcon.colcon_core.package_identification:_identify(log) by extensions ['ignore', 'ignore_ament_install']
[0.486s] Level 1:colcon.colcon_core.package_identification:_identify(log) by extension 'ignore'
[0.486s] Level 1:colcon.colcon_core.package_identification:_identify(log) ignored
[0.486s] Level 1:colcon.colcon_core.package_identification:_identify(webots_packed) by extensions ['ignore', 'ignore_ament_install']
[0.486s] Level 1:colcon.colcon_core.package_identification:_identify(webots_packed) by extension 'ignore'
[0.486s] Level 1:colcon.colcon_core.package_identification:_identify(webots_packed) by extension 'ignore_ament_install'
[0.486s] Level 1:colcon.colcon_core.package_identification:_identify(webots_packed) by extensions ['colcon_pkg']
[0.487s] Level 1:colcon.colcon_core.package_identification:_identify(webots_packed) by extension 'colcon_pkg'
[0.487s] Level 1:colcon.colcon_core.package_identification:_identify(webots_packed) by extensions ['colcon_meta']
[0.487s] Level 1:colcon.colcon_core.package_identification:_identify(webots_packed) by extension 'colcon_meta'
[0.487s] Level 1:colcon.colcon_core.package_identification:_identify(webots_packed) by extensions ['ros']
[0.487s] Level 1:colcon.colcon_core.package_identification:_identify(webots_packed) by extension 'ros'
[0.488s] DEBUG:colcon.colcon_core.package_identification:Package 'webots_packed' with type 'ros.ament_python' and name 'webots_packed'
[0.488s] Level 1:colcon.colcon_core.package_discovery:discover_packages(recursive) using defaults
[0.488s] Level 1:colcon.colcon_core.package_discovery:discover_packages(ignore) discover
[0.488s] Level 1:colcon.colcon_core.package_discovery:discover_packages(ignore) using defaults
[0.488s] Level 1:colcon.colcon_core.package_discovery:discover_packages(path) discover
[0.488s] Level 1:colcon.colcon_core.package_discovery:discover_packages(path) using defaults
[0.519s] Level 5:colcon.colcon_core.verb:set package 'keyboard_check' build argument 'cmake_args' from command line to 'None'
[0.519s] Level 5:colcon.colcon_core.verb:set package 'keyboard_check' build argument 'cmake_target' from command line to 'None'
[0.519s] Level 5:colcon.colcon_core.verb:set package 'keyboard_check' build argument 'cmake_target_skip_unavailable' from command line to 'False'
[0.520s] Level 5:colcon.colcon_core.verb:set package 'keyboard_check' build argument 'cmake_clean_cache' from command line to 'False'
[0.520s] Level 5:colcon.colcon_core.verb:set package 'keyboard_check' build argument 'cmake_clean_first' from command line to 'False'
[0.520s] Level 5:colcon.colcon_core.verb:set package 'keyboard_check' build argument 'cmake_force_configure' from command line to 'False'
[0.520s] Level 5:colcon.colcon_core.verb:set package 'keyboard_check' build argument 'ament_cmake_args' from command line to 'None'
[0.520s] Level 5:colcon.colcon_core.verb:set package 'keyboard_check' build argument 'catkin_cmake_args' from command line to 'None'
[0.520s] Level 5:colcon.colcon_core.verb:set package 'keyboard_check' build argument 'catkin_skip_building_tests' from command line to 'False'
[0.520s] DEBUG:colcon.colcon_core.verb:Building package 'keyboard_check' with the following arguments: {'ament_cmake_args': None, 'build_base': '/trainee/workspace/trainee_ws_pinguin/src/build/keyboard_check', 'catkin_cmake_args': None, 'catkin_skip_building_tests': False, 'cmake_args': None, 'cmake_clean_cache': False, 'cmake_clean_first': False, 'cmake_force_configure': False, 'cmake_target': None, 'cmake_target_skip_unavailable': False, 'install_base': '/trainee/workspace/trainee_ws_pinguin/src/install/keyboard_check', 'merge_install': False, 'path': '/trainee/workspace/trainee_ws_pinguin/src/keyboard_check', 'symlink_install': False, 'test_result_base': None}
[0.520s] Level 5:colcon.colcon_core.verb:set package 'webots_packed' build argument 'cmake_args' from command line to 'None'
[0.520s] Level 5:colcon.colcon_core.verb:set package 'webots_packed' build argument 'cmake_target' from command line to 'None'
[0.521s] Level 5:colcon.colcon_core.verb:set package 'webots_packed' build argument 'cmake_target_skip_unavailable' from command line to 'False'
[0.521s] Level 5:colcon.colcon_core.verb:set package 'webots_packed' build argument 'cmake_clean_cache' from command line to 'False'
[0.521s] Level 5:colcon.colcon_core.verb:set package 'webots_packed' build argument 'cmake_clean_first' from command line to 'False'
[0.521s] Level 5:colcon.colcon_core.verb:set package 'webots_packed' build argument 'cmake_force_configure' from command line to 'False'
[0.521s] Level 5:colcon.colcon_core.verb:set package 'webots_packed' build argument 'ament_cmake_args' from command line to 'None'
[0.521s] Level 5:colcon.colcon_core.verb:set package 'webots_packed' build argument 'catkin_cmake_args' from command line to 'None'
[0.521s] Level 5:colcon.colcon_core.verb:set package 'webots_packed' build argument 'catkin_skip_building_tests' from command line to 'False'
[0.521s] DEBUG:colcon.colcon_core.verb:Building package 'webots_packed' with the following arguments: {'ament_cmake_args': None, 'build_base': '/trainee/workspace/trainee_ws_pinguin/src/build/webots_packed', 'catkin_cmake_args': None, 'catkin_skip_building_tests': False, 'cmake_args': None, 'cmake_clean_cache': False, 'cmake_clean_first': False, 'cmake_force_configure': False, 'cmake_target': None, 'cmake_target_skip_unavailable': False, 'install_base': '/trainee/workspace/trainee_ws_pinguin/src/install/webots_packed', 'merge_install': False, 'path': '/trainee/workspace/trainee_ws_pinguin/src/webots_packed', 'symlink_install': False, 'test_result_base': None}
[0.521s] INFO:colcon.colcon_core.executor:Executing jobs using 'parallel' executor
[0.524s] DEBUG:colcon.colcon_parallel_executor.executor.parallel:run_until_complete
[0.524s] INFO:colcon.colcon_ros.task.ament_python.build:Building ROS package in '/trainee/workspace/trainee_ws_pinguin/src/keyboard_check' with build type 'ament_python'
[0.525s] Level 1:colcon.colcon_core.shell:create_environment_hook('keyboard_check', 'ament_prefix_path')
[0.529s] INFO:colcon.colcon_core.plugin_system:Skipping extension 'colcon_core.shell.bat': Not used on non-Windows systems
[0.529s] INFO:colcon.colcon_core.shell:Creating environment hook '/trainee/workspace/trainee_ws_pinguin/src/install/keyboard_check/share/keyboard_check/hook/ament_prefix_path.ps1'
[0.530s] INFO:colcon.colcon_core.shell:Creating environment descriptor '/trainee/workspace/trainee_ws_pinguin/src/install/keyboard_check/share/keyboard_check/hook/ament_prefix_path.dsv'
[0.532s] INFO:colcon.colcon_core.shell:Creating environment hook '/trainee/workspace/trainee_ws_pinguin/src/install/keyboard_check/share/keyboard_check/hook/ament_prefix_path.sh'
[0.534s] INFO:colcon.colcon_core.shell:Skip shell extension 'powershell' for command environment: Not usable outside of PowerShell
[0.534s] DEBUG:colcon.colcon_core.shell:Skip shell extension 'dsv' for command environment
[0.554s] INFO:colcon.colcon_ros.task.ament_python.build:Building ROS package in '/trainee/workspace/trainee_ws_pinguin/src/webots_packed' with build type 'ament_python'
[0.555s] Level 1:colcon.colcon_core.shell:create_environment_hook('webots_packed', 'ament_prefix_path')
[0.555s] INFO:colcon.colcon_core.shell:Creating environment hook '/trainee/workspace/trainee_ws_pinguin/src/install/webots_packed/share/webots_packed/hook/ament_prefix_path.ps1'
[0.556s] INFO:colcon.colcon_core.shell:Creating environment descriptor '/trainee/workspace/trainee_ws_pinguin/src/install/webots_packed/share/webots_packed/hook/ament_prefix_path.dsv'
[0.557s] INFO:colcon.colcon_core.shell:Creating environment hook '/trainee/workspace/trainee_ws_pinguin/src/install/webots_packed/share/webots_packed/hook/ament_prefix_path.sh'
[0.558s] INFO:colcon.colcon_core.shell:Skip shell extension 'powershell' for command environment: Not usable outside of PowerShell
[0.558s] DEBUG:colcon.colcon_core.shell:Skip shell extension 'dsv' for command environment
[1.029s] WARNING:colcon.colcon_ros.task.ament_python.build:Package 'keyboard_check' doesn't explicitly install a marker in the package index (colcon-ros currently does it implicitly but that fallback will be removed in the future)
[1.030s] WARNING:colcon.colcon_ros.task.ament_python.build:Package 'keyboard_check' doesn't explicitly install the 'package.xml' file (colcon-ros currently does it implicitly but that fallback will be removed in the future)
[1.030s] INFO:colcon.colcon_core.task.python.build:Building Python package in '/trainee/workspace/trainee_ws_pinguin/src/keyboard_check'
[1.031s] INFO:colcon.colcon_core.shell:Skip shell extension 'powershell' for command environment: Not usable outside of PowerShell
[1.031s] DEBUG:colcon.colcon_core.shell:Skip shell extension 'dsv' for command environment
[1.451s] WARNING:colcon.colcon_ros.task.ament_python.build:Package 'webots_packed' doesn't explicitly install a marker in the package index (colcon-ros currently does it implicitly but that fallback will be removed in the future)
[1.451s] WARNING:colcon.colcon_ros.task.ament_python.build:Package 'webots_packed' doesn't explicitly install the 'package.xml' file (colcon-ros currently does it implicitly but that fallback will be removed in the future)
[1.452s] INFO:colcon.colcon_core.task.python.build:Building Python package in '/trainee/workspace/trainee_ws_pinguin/src/webots_packed'
[1.452s] INFO:colcon.colcon_core.shell:Skip shell extension 'powershell' for command environment: Not usable outside of PowerShell
[1.452s] DEBUG:colcon.colcon_core.shell:Skip shell extension 'dsv' for command environment
[2.036s] DEBUG:colcon.colcon_core.event_handler.log_command:Invoking command in '/trainee/workspace/trainee_ws_pinguin/src/webots_packed': PYTHONPATH=/trainee/workspace/trainee_ws_pinguin/src/build/webots_packed/prefix_override:/usr/lib/python3/dist-packages/colcon_core/task/python/colcon_distutils_commands:/trainee/workspace/trainee_ws_pinguin/src/install/webots_packed/lib/python3.10/site-packages:${PYTHONPATH} /usr/bin/python3 -W ignore:setup.py install is deprecated -W ignore:easy_install command is deprecated setup.py egg_info --egg-base ../build/webots_packed build --build-base /trainee/workspace/trainee_ws_pinguin/src/build/webots_packed/build install --record /trainee/workspace/trainee_ws_pinguin/src/build/webots_packed/install.log --single-version-externally-managed
[2.044s] DEBUG:colcon.colcon_core.event_handler.log_command:Invoking command in '/trainee/workspace/trainee_ws_pinguin/src/keyboard_check': PYTHONPATH=/trainee/workspace/trainee_ws_pinguin/src/build/keyboard_check/prefix_override:/usr/lib/python3/dist-packages/colcon_core/task/python/colcon_distutils_commands:/trainee/workspace/trainee_ws_pinguin/src/install/keyboard_check/lib/python3.10/site-packages:${PYTHONPATH} /usr/bin/python3 -W ignore:setup.py install is deprecated -W ignore:easy_install command is deprecated setup.py egg_info --egg-base ../build/keyboard_check build --build-base /trainee/workspace/trainee_ws_pinguin/src/build/keyboard_check/build install --record /trainee/workspace/trainee_ws_pinguin/src/build/keyboard_check/install.log --single-version-externally-managed
[2.510s] DEBUG:colcon.colcon_core.event_handler.log_command:Invoked command in '/trainee/workspace/trainee_ws_pinguin/src/webots_packed' returned '0': PYTHONPATH=/trainee/workspace/trainee_ws_pinguin/src/build/webots_packed/prefix_override:/usr/lib/python3/dist-packages/colcon_core/task/python/colcon_distutils_commands:/trainee/workspace/trainee_ws_pinguin/src/install/webots_packed/lib/python3.10/site-packages:${PYTHONPATH} /usr/bin/python3 -W ignore:setup.py install is deprecated -W ignore:easy_install command is deprecated setup.py egg_info --egg-base ../build/webots_packed build --build-base /trainee/workspace/trainee_ws_pinguin/src/build/webots_packed/build install --record /trainee/workspace/trainee_ws_pinguin/src/build/webots_packed/install.log --single-version-externally-managed
[2.513s] Level 1:colcon.colcon_core.environment:checking '/trainee/workspace/trainee_ws_pinguin/src/install/webots_packed' for CMake module files
[2.514s] Level 1:colcon.colcon_core.environment:checking '/trainee/workspace/trainee_ws_pinguin/src/install/webots_packed' for CMake config files
[2.515s] Level 1:colcon.colcon_core.environment:checking '/trainee/workspace/trainee_ws_pinguin/src/install/webots_packed/lib'
[2.515s] Level 1:colcon.colcon_core.environment:checking '/trainee/workspace/trainee_ws_pinguin/src/install/webots_packed/bin'
[2.516s] Level 1:colcon.colcon_core.environment:checking '/trainee/workspace/trainee_ws_pinguin/src/install/webots_packed/lib/pkgconfig/webots_packed.pc'
[2.516s] Level 1:colcon.colcon_core.environment:checking '/trainee/workspace/trainee_ws_pinguin/src/install/webots_packed/lib/python3.10/site-packages'
[2.516s] Level 1:colcon.colcon_core.shell:create_environment_hook('webots_packed', 'pythonpath')
[2.516s] INFO:colcon.colcon_core.shell:Creating environment hook '/trainee/workspace/trainee_ws_pinguin/src/install/webots_packed/share/webots_packed/hook/pythonpath.ps1'
[2.517s] INFO:colcon.colcon_core.shell:Creating environment descriptor '/trainee/workspace/trainee_ws_pinguin/src/install/webots_packed/share/webots_packed/hook/pythonpath.dsv'
[2.518s] INFO:colcon.colcon_core.shell:Creating environment hook '/trainee/workspace/trainee_ws_pinguin/src/install/webots_packed/share/webots_packed/hook/pythonpath.sh'
[2.519s] Level 1:colcon.colcon_core.environment:checking '/trainee/workspace/trainee_ws_pinguin/src/install/webots_packed/bin'
[2.519s] Level 1:colcon.colcon_core.environment:create_environment_scripts_only(webots_packed)
[2.519s] INFO:colcon.colcon_core.shell:Creating package script '/trainee/workspace/trainee_ws_pinguin/src/install/webots_packed/share/webots_packed/package.ps1'
[2.521s] INFO:colcon.colcon_core.shell:Creating package descriptor '/trainee/workspace/trainee_ws_pinguin/src/install/webots_packed/share/webots_packed/package.dsv'
[2.522s] INFO:colcon.colcon_core.shell:Creating package script '/trainee/workspace/trainee_ws_pinguin/src/install/webots_packed/share/webots_packed/package.sh'
[2.524s] INFO:colcon.colcon_core.shell:Creating package script '/trainee/workspace/trainee_ws_pinguin/src/install/webots_packed/share/webots_packed/package.bash'
[2.525s] INFO:colcon.colcon_core.shell:Creating package script '/trainee/workspace/trainee_ws_pinguin/src/install/webots_packed/share/webots_packed/package.zsh'
[2.526s] Level 1:colcon.colcon_core.environment:create_file_with_runtime_dependencies(/trainee/workspace/trainee_ws_pinguin/src/install/webots_packed/share/colcon-core/packages/webots_packed)
[2.531s] Level 1:colcon.colcon_core.environment:checking '/trainee/workspace/trainee_ws_pinguin/src/install/keyboard_check' for CMake module files
[2.532s] DEBUG:colcon.colcon_core.event_handler.log_command:Invoked command in '/trainee/workspace/trainee_ws_pinguin/src/keyboard_check' returned '0': PYTHONPATH=/trainee/workspace/trainee_ws_pinguin/src/build/keyboard_check/prefix_override:/usr/lib/python3/dist-packages/colcon_core/task/python/colcon_distutils_commands:/trainee/workspace/trainee_ws_pinguin/src/install/keyboard_check/lib/python3.10/site-packages:${PYTHONPATH} /usr/bin/python3 -W ignore:setup.py install is deprecated -W ignore:easy_install command is deprecated setup.py egg_info --egg-base ../build/keyboard_check build --build-base /trainee/workspace/trainee_ws_pinguin/src/build/keyboard_check/build install --record /trainee/workspace/trainee_ws_pinguin/src/build/keyboard_check/install.log --single-version-externally-managed
[2.532s] Level 1:colcon.colcon_core.environment:checking '/trainee/workspace/trainee_ws_pinguin/src/install/keyboard_check' for CMake config files
[2.533s] Level 1:colcon.colcon_core.environment:checking '/trainee/workspace/trainee_ws_pinguin/src/install/keyboard_check/lib'
[2.533s] Level 1:colcon.colcon_core.environment:checking '/trainee/workspace/trainee_ws_pinguin/src/install/keyboard_check/bin'
[2.535s] Level 1:colcon.colcon_core.environment:checking '/trainee/workspace/trainee_ws_pinguin/src/install/keyboard_check/lib/pkgconfig/keyboard_check.pc'
[2.535s] Level 1:colcon.colcon_core.environment:checking '/trainee/workspace/trainee_ws_pinguin/src/install/keyboard_check/lib/python3.10/site-packages'
[2.535s] Level 1:colcon.colcon_core.shell:create_environment_hook('keyboard_check', 'pythonpath')
[2.536s] INFO:colcon.colcon_core.shell:Creating environment hook '/trainee/workspace/trainee_ws_pinguin/src/install/keyboard_check/share/keyboard_check/hook/pythonpath.ps1'
[2.536s] INFO:colcon.colcon_core.shell:Creating environment descriptor '/trainee/workspace/trainee_ws_pinguin/src/install/keyboard_check/share/keyboard_check/hook/pythonpath.dsv'
[2.537s] INFO:colcon.colcon_core.shell:Creating environment hook '/trainee/workspace/trainee_ws_pinguin/src/install/keyboard_check/share/keyboard_check/hook/pythonpath.sh'
[2.538s] Level 1:colcon.colcon_core.environment:checking '/trainee/workspace/trainee_ws_pinguin/src/install/keyboard_check/bin'
[2.538s] Level 1:colcon.colcon_core.environment:create_environment_scripts_only(keyboard_check)
[2.539s] INFO:colcon.colcon_core.shell:Creating package script '/trainee/workspace/trainee_ws_pinguin/src/install/keyboard_check/share/keyboard_check/package.ps1'
[2.539s] INFO:colcon.colcon_core.shell:Creating package descriptor '/trainee/workspace/trainee_ws_pinguin/src/install/keyboard_check/share/keyboard_check/package.dsv'
[2.540s] INFO:colcon.colcon_core.shell:Creating package script '/trainee/workspace/trainee_ws_pinguin/src/install/keyboard_check/share/keyboard_check/package.sh'
[2.541s] INFO:colcon.colcon_core.shell:Creating package script '/trainee/workspace/trainee_ws_pinguin/src/install/keyboard_check/share/keyboard_check/package.bash'
[2.542s] INFO:colcon.colcon_core.shell:Creating package script '/trainee/workspace/trainee_ws_pinguin/src/install/keyboard_check/share/keyboard_check/package.zsh'
[2.542s] Level 1:colcon.colcon_core.environment:create_file_with_runtime_dependencies(/trainee/workspace/trainee_ws_pinguin/src/install/keyboard_check/share/colcon-core/packages/keyboard_check)
[2.542s] DEBUG:colcon.colcon_parallel_executor.executor.parallel:closing loop
[2.543s] DEBUG:colcon.colcon_parallel_executor.executor.parallel:loop closed
[2.543s] DEBUG:colcon.colcon_parallel_executor.executor.parallel:run_until_complete finished with '0'
[2.543s] DEBUG:colcon.colcon_core.event_reactor:joining thread
[2.551s] INFO:colcon.colcon_core.plugin_system:Skipping extension 'colcon_notification.desktop_notification.notify_send': Could not find 'notify-send'
[2.552s] INFO:colcon.colcon_core.plugin_system:Skipping extension 'colcon_notification.desktop_notification.terminal_notifier': Not used on non-Darwin systems
[2.552s] INFO:colcon.colcon_core.plugin_system:Skipping extension 'colcon_notification.desktop_notification.win32': Not used on non-Windows systems
[2.552s] INFO:colcon.colcon_notification.desktop_notification:Sending desktop notification using 'notify2'
[2.555s] DEBUG:colcon.colcon_notification.desktop_notification.notify2:Failed to initialize notify2: org.freedesktop.DBus.Error.Spawn.ExecFailed: /usr/bin/dbus-launch terminated abnormally without any error message
[2.555s] DEBUG:colcon.colcon_core.event_reactor:joined thread
[2.556s] INFO:colcon.colcon_core.shell:Creating prefix script '/trainee/workspace/trainee_ws_pinguin/src/install/local_setup.ps1'
[2.559s] INFO:colcon.colcon_core.shell:Creating prefix util module '/trainee/workspace/trainee_ws_pinguin/src/install/_local_setup_util_ps1.py'
[2.564s] INFO:colcon.colcon_core.shell:Creating prefix chain script '/trainee/workspace/trainee_ws_pinguin/src/install/setup.ps1'
[2.566s] INFO:colcon.colcon_core.shell:Creating prefix script '/trainee/workspace/trainee_ws_pinguin/src/install/local_setup.sh'
[2.567s] INFO:colcon.colcon_core.shell:Creating prefix util module '/trainee/workspace/trainee_ws_pinguin/src/install/_local_setup_util_sh.py'
[2.568s] INFO:colcon.colcon_core.shell:Creating prefix chain script '/trainee/workspace/trainee_ws_pinguin/src/install/setup.sh'
[2.571s] INFO:colcon.colcon_core.shell:Creating prefix script '/trainee/workspace/trainee_ws_pinguin/src/install/local_setup.bash'
[2.571s] INFO:colcon.colcon_core.shell:Creating prefix chain script '/trainee/workspace/trainee_ws_pinguin/src/install/setup.bash'
[2.573s] INFO:colcon.colcon_core.shell:Creating prefix script '/trainee/workspace/trainee_ws_pinguin/src/install/local_setup.zsh'
[2.574s] INFO:colcon.colcon_core.shell:Creating prefix chain script '/trainee/workspace/trainee_ws_pinguin/src/install/setup.zsh'
