[1.518s] Invoking command in '/trainee/workspace/trainee_ws_pinguin/src/webots_packed': PYTHONPATH=/trainee/workspace/trainee_ws_pinguin/src/build/webots_packed/prefix_override:/usr/lib/python3/dist-packages/colcon_core/task/python/colcon_distutils_commands:/trainee/workspace/trainee_ws_pinguin/src/install/webots_packed/lib/python3.10/site-packages:${PYTHONPATH} /usr/bin/python3 -W ignore:setup.py install is deprecated -W ignore:easy_install command is deprecated setup.py egg_info --egg-base ../build/webots_packed build --build-base /trainee/workspace/trainee_ws_pinguin/src/build/webots_packed/build install --record /trainee/workspace/trainee_ws_pinguin/src/build/webots_packed/install.log --single-version-externally-managed
[1.924s] running egg_info
[1.924s] writing ../build/webots_packed/webots_packed.egg-info/PKG-INFO
[1.924s] writing dependency_links to ../build/webots_packed/webots_packed.egg-info/dependency_links.txt
[1.924s] writing entry points to ../build/webots_packed/webots_packed.egg-info/entry_points.txt
[1.925s] writing requirements to ../build/webots_packed/webots_packed.egg-info/requires.txt
[1.925s] writing top-level names to ../build/webots_packed/webots_packed.egg-info/top_level.txt
[1.927s] reading manifest file '../build/webots_packed/webots_packed.egg-info/SOURCES.txt'
[1.929s] writing manifest file '../build/webots_packed/webots_packed.egg-info/SOURCES.txt'
[1.929s] running build
[1.929s] running build_py
[1.930s] copying webots_packed/webots_listener.py -> /trainee/workspace/trainee_ws_pinguin/src/build/webots_packed/build/lib/webots_packed
[1.930s] running install
[1.931s] running install_lib
[1.932s] copying /trainee/workspace/trainee_ws_pinguin/src/build/webots_packed/build/lib/webots_packed/webots_listener.py -> /trainee/workspace/trainee_ws_pinguin/src/install/webots_packed/lib/python3.10/site-packages/webots_packed
[1.933s] byte-compiling /trainee/workspace/trainee_ws_pinguin/src/install/webots_packed/lib/python3.10/site-packages/webots_packed/webots_listener.py to webots_listener.cpython-310.pyc
[1.934s] running install_egg_info
[1.937s] removing '/trainee/workspace/trainee_ws_pinguin/src/install/webots_packed/lib/python3.10/site-packages/webots_packed-0.0.0-py3.10.egg-info' (and everything under it)
[1.940s] Copying ../build/webots_packed/webots_packed.egg-info to /trainee/workspace/trainee_ws_pinguin/src/install/webots_packed/lib/python3.10/site-packages/webots_packed-0.0.0-py3.10.egg-info
[1.941s] running install_scripts
[1.975s] Installing webots_listener script to /trainee/workspace/trainee_ws_pinguin/src/install/webots_packed/lib/webots_packed
[1.976s] writing list of installed files to '/trainee/workspace/trainee_ws_pinguin/src/build/webots_packed/install.log'
[2.034s] Invoked command in '/trainee/workspace/trainee_ws_pinguin/src/webots_packed' returned '0': PYTHONPATH=/trainee/workspace/trainee_ws_pinguin/src/build/webots_packed/prefix_override:/usr/lib/python3/dist-packages/colcon_core/task/python/colcon_distutils_commands:/trainee/workspace/trainee_ws_pinguin/src/install/webots_packed/lib/python3.10/site-packages:${PYTHONPATH} /usr/bin/python3 -W ignore:setup.py install is deprecated -W ignore:easy_install command is deprecated setup.py egg_info --egg-base ../build/webots_packed build --build-base /trainee/workspace/trainee_ws_pinguin/src/build/webots_packed/build install --record /trainee/workspace/trainee_ws_pinguin/src/build/webots_packed/install.log --single-version-externally-managed
