[1.650s] Invoking command in '/trainee/workspace/trainee_ws_pinguin/src/webots_packed': PYTHONPATH=/trainee/workspace/trainee_ws_pinguin/src/build/webots_packed/prefix_override:/usr/lib/python3/dist-packages/colcon_core/task/python/colcon_distutils_commands:/trainee/workspace/trainee_ws_pinguin/src/install/webots_packed/lib/python3.10/site-packages:${PYTHONPATH} /usr/bin/python3 -W ignore:setup.py install is deprecated -W ignore:easy_install command is deprecated setup.py egg_info --egg-base ../build/webots_packed build --build-base /trainee/workspace/trainee_ws_pinguin/src/build/webots_packed/build install --record /trainee/workspace/trainee_ws_pinguin/src/build/webots_packed/install.log --single-version-externally-managed
[2.105s] running egg_info
[2.106s] writing ../build/webots_packed/webots_packed.egg-info/PKG-INFO
[2.106s] writing dependency_links to ../build/webots_packed/webots_packed.egg-info/dependency_links.txt
[2.106s] writing entry points to ../build/webots_packed/webots_packed.egg-info/entry_points.txt
[2.106s] writing requirements to ../build/webots_packed/webots_packed.egg-info/requires.txt
[2.106s] writing top-level names to ../build/webots_packed/webots_packed.egg-info/top_level.txt
[2.109s] reading manifest file '../build/webots_packed/webots_packed.egg-info/SOURCES.txt'
[2.111s] writing manifest file '../build/webots_packed/webots_packed.egg-info/SOURCES.txt'
[2.111s] running build
[2.111s] running build_py
[2.111s] copying webots_packed/webots_listener.py -> /trainee/workspace/trainee_ws_pinguin/src/build/webots_packed/build/lib/webots_packed
[2.112s] running install
[2.112s] running install_lib
[2.114s] copying /trainee/workspace/trainee_ws_pinguin/src/build/webots_packed/build/lib/webots_packed/webots_listener.py -> /trainee/workspace/trainee_ws_pinguin/src/install/webots_packed/lib/python3.10/site-packages/webots_packed
[2.115s] byte-compiling /trainee/workspace/trainee_ws_pinguin/src/install/webots_packed/lib/python3.10/site-packages/webots_packed/webots_listener.py to webots_listener.cpython-310.pyc
[2.116s] running install_egg_info
[2.119s] removing '/trainee/workspace/trainee_ws_pinguin/src/install/webots_packed/lib/python3.10/site-packages/webots_packed-0.0.0-py3.10.egg-info' (and everything under it)
[2.123s] Copying ../build/webots_packed/webots_packed.egg-info to /trainee/workspace/trainee_ws_pinguin/src/install/webots_packed/lib/python3.10/site-packages/webots_packed-0.0.0-py3.10.egg-info
[2.123s] running install_scripts
[2.158s] Installing webots_listener script to /trainee/workspace/trainee_ws_pinguin/src/install/webots_packed/lib/webots_packed
[2.158s] writing list of installed files to '/trainee/workspace/trainee_ws_pinguin/src/build/webots_packed/install.log'
[2.195s] Invoked command in '/trainee/workspace/trainee_ws_pinguin/src/webots_packed' returned '0': PYTHONPATH=/trainee/workspace/trainee_ws_pinguin/src/build/webots_packed/prefix_override:/usr/lib/python3/dist-packages/colcon_core/task/python/colcon_distutils_commands:/trainee/workspace/trainee_ws_pinguin/src/install/webots_packed/lib/python3.10/site-packages:${PYTHONPATH} /usr/bin/python3 -W ignore:setup.py install is deprecated -W ignore:easy_install command is deprecated setup.py egg_info --egg-base ../build/webots_packed build --build-base /trainee/workspace/trainee_ws_pinguin/src/build/webots_packed/build install --record /trainee/workspace/trainee_ws_pinguin/src/build/webots_packed/install.log --single-version-externally-managed
