running egg_info
creating ../build/webots_packed/webots_packed.egg-info
writing ../build/webots_packed/webots_packed.egg-info/PKG-INFO
writing dependency_links to ../build/webots_packed/webots_packed.egg-info/dependency_links.txt
writing entry points to ../build/webots_packed/webots_packed.egg-info/entry_points.txt
writing requirements to ../build/webots_packed/webots_packed.egg-info/requires.txt
writing top-level names to ../build/webots_packed/webots_packed.egg-info/top_level.txt
writing manifest file '../build/webots_packed/webots_packed.egg-info/SOURCES.txt'
reading manifest file '../build/webots_packed/webots_packed.egg-info/SOURCES.txt'
writing manifest file '../build/webots_packed/webots_packed.egg-info/SOURCES.txt'
running build
running build_py
creating /trainee/workspace/trainee_ws_pinguin/src/build/webots_packed/build
creating /trainee/workspace/trainee_ws_pinguin/src/build/webots_packed/build/lib
creating /trainee/workspace/trainee_ws_pinguin/src/build/webots_packed/build/lib/webots_packed
copying webots_packed/webots_listener.py -> /trainee/workspace/trainee_ws_pinguin/src/build/webots_packed/build/lib/webots_packed
copying webots_packed/__init__.py -> /trainee/workspace/trainee_ws_pinguin/src/build/webots_packed/build/lib/webots_packed
running install
running install_lib
creating /trainee/workspace/trainee_ws_pinguin/src/install/webots_packed/lib/python3.10/site-packages/webots_packed
copying /trainee/workspace/trainee_ws_pinguin/src/build/webots_packed/build/lib/webots_packed/webots_listener.py -> /trainee/workspace/trainee_ws_pinguin/src/install/webots_packed/lib/python3.10/site-packages/webots_packed
copying /trainee/workspace/trainee_ws_pinguin/src/build/webots_packed/build/lib/webots_packed/__init__.py -> /trainee/workspace/trainee_ws_pinguin/src/install/webots_packed/lib/python3.10/site-packages/webots_packed
byte-compiling /trainee/workspace/trainee_ws_pinguin/src/install/webots_packed/lib/python3.10/site-packages/webots_packed/webots_listener.py to webots_listener.cpython-310.pyc
byte-compiling /trainee/workspace/trainee_ws_pinguin/src/install/webots_packed/lib/python3.10/site-packages/webots_packed/__init__.py to __init__.cpython-310.pyc
running install_data
creating /trainee/workspace/trainee_ws_pinguin/src/install/webots_packed/share/ament_index
creating /trainee/workspace/trainee_ws_pinguin/src/install/webots_packed/share/ament_index/resource_index
creating /trainee/workspace/trainee_ws_pinguin/src/install/webots_packed/share/ament_index/resource_index/packages
copying resource/webots_packed -> /trainee/workspace/trainee_ws_pinguin/src/install/webots_packed/share/ament_index/resource_index/packages
copying package.xml -> /trainee/workspace/trainee_ws_pinguin/src/install/webots_packed/share/webots_packed
running install_egg_info
Copying ../build/webots_packed/webots_packed.egg-info to /trainee/workspace/trainee_ws_pinguin/src/install/webots_packed/lib/python3.10/site-packages/webots_packed-0.0.0-py3.10.egg-info
running install_scripts
Installing webots_listener script to /trainee/workspace/trainee_ws_pinguin/src/install/webots_packed/lib/webots_packed
writing list of installed files to '/trainee/workspace/trainee_ws_pinguin/src/build/webots_packed/install.log'
