[1.768s] Invoking command in '/trainee/workspace/trainee_ws_pinguin/src/webots_packed': PYTHONPATH=/trainee/workspace/trainee_ws_pinguin/src/build/webots_packed/prefix_override:/usr/lib/python3/dist-packages/colcon_core/task/python/colcon_distutils_commands:/trainee/workspace/trainee_ws_pinguin/src/install/webots_packed/lib/python3.10/site-packages:${PYTHONPATH} /usr/bin/python3 -W ignore:setup.py install is deprecated -W ignore:easy_install command is deprecated setup.py egg_info --egg-base ../build/webots_packed build --build-base /trainee/workspace/trainee_ws_pinguin/src/build/webots_packed/build install --record /trainee/workspace/trainee_ws_pinguin/src/build/webots_packed/install.log --single-version-externally-managed install_data
[2.183s] running egg_info
[2.184s] creating ../build/webots_packed/webots_packed.egg-info
[2.184s] writing ../build/webots_packed/webots_packed.egg-info/PKG-INFO
[2.185s] writing dependency_links to ../build/webots_packed/webots_packed.egg-info/dependency_links.txt
[2.185s] writing entry points to ../build/webots_packed/webots_packed.egg-info/entry_points.txt
[2.185s] writing requirements to ../build/webots_packed/webots_packed.egg-info/requires.txt
[2.185s] writing top-level names to ../build/webots_packed/webots_packed.egg-info/top_level.txt
[2.187s] writing manifest file '../build/webots_packed/webots_packed.egg-info/SOURCES.txt'
[2.188s] reading manifest file '../build/webots_packed/webots_packed.egg-info/SOURCES.txt'
[2.190s] writing manifest file '../build/webots_packed/webots_packed.egg-info/SOURCES.txt'
[2.190s] running build
[2.190s] running build_py
[2.191s] creating /trainee/workspace/trainee_ws_pinguin/src/build/webots_packed/build
[2.191s] creating /trainee/workspace/trainee_ws_pinguin/src/build/webots_packed/build/lib
[2.191s] creating /trainee/workspace/trainee_ws_pinguin/src/build/webots_packed/build/lib/webots_packed
[2.191s] copying webots_packed/webots_listener.py -> /trainee/workspace/trainee_ws_pinguin/src/build/webots_packed/build/lib/webots_packed
[2.191s] copying webots_packed/__init__.py -> /trainee/workspace/trainee_ws_pinguin/src/build/webots_packed/build/lib/webots_packed
[2.192s] running install
[2.193s] running install_lib
[2.195s] creating /trainee/workspace/trainee_ws_pinguin/src/install/webots_packed/lib/python3.10/site-packages/webots_packed
[2.195s] copying /trainee/workspace/trainee_ws_pinguin/src/build/webots_packed/build/lib/webots_packed/webots_listener.py -> /trainee/workspace/trainee_ws_pinguin/src/install/webots_packed/lib/python3.10/site-packages/webots_packed
[2.195s] copying /trainee/workspace/trainee_ws_pinguin/src/build/webots_packed/build/lib/webots_packed/__init__.py -> /trainee/workspace/trainee_ws_pinguin/src/install/webots_packed/lib/python3.10/site-packages/webots_packed
[2.196s] byte-compiling /trainee/workspace/trainee_ws_pinguin/src/install/webots_packed/lib/python3.10/site-packages/webots_packed/webots_listener.py to webots_listener.cpython-310.pyc
[2.197s] byte-compiling /trainee/workspace/trainee_ws_pinguin/src/install/webots_packed/lib/python3.10/site-packages/webots_packed/__init__.py to __init__.cpython-310.pyc
[2.197s] running install_data
[2.197s] creating /trainee/workspace/trainee_ws_pinguin/src/install/webots_packed/share/ament_index
[2.198s] creating /trainee/workspace/trainee_ws_pinguin/src/install/webots_packed/share/ament_index/resource_index
[2.198s] creating /trainee/workspace/trainee_ws_pinguin/src/install/webots_packed/share/ament_index/resource_index/packages
[2.198s] copying resource/webots_packed -> /trainee/workspace/trainee_ws_pinguin/src/install/webots_packed/share/ament_index/resource_index/packages
[2.198s] copying package.xml -> /trainee/workspace/trainee_ws_pinguin/src/install/webots_packed/share/webots_packed
[2.199s] running install_egg_info
[2.204s] Copying ../build/webots_packed/webots_packed.egg-info to /trainee/workspace/trainee_ws_pinguin/src/install/webots_packed/lib/python3.10/site-packages/webots_packed-0.0.0-py3.10.egg-info
[2.204s] running install_scripts
[2.241s] Installing webots_listener script to /trainee/workspace/trainee_ws_pinguin/src/install/webots_packed/lib/webots_packed
[2.242s] writing list of installed files to '/trainee/workspace/trainee_ws_pinguin/src/build/webots_packed/install.log'
