[0.360s] DEBUG:colcon:Command line arguments: ['/usr/bin/colcon', 'build']
[0.361s] DEBUG:colcon:Parsed command line arguments: Namespace(log_base=None, log_level=None, verb_name='build', build_base='build', install_base='install', merge_install=False, symlink_install=False, test_result_base=None, continue_on_error=False, executor='parallel', parallel_workers=6, event_handlers=None, ignore_user_meta=False, metas=['./colcon.meta'], base_paths=['.'], packages_ignore=None, packages_ignore_regex=None, paths=None, packages_up_to=None, packages_up_to_regex=None, packages_above=None, packages_above_and_dependencies=None, packages_above_depth=None, packages_select_by_dep=None, packages_skip_by_dep=None, packages_skip_up_to=None, packages_select_build_failed=False, packages_skip_build_finished=False, packages_select_test_failures=False, packages_skip_test_passed=False, packages_select=None, packages_skip=None, packages_select_regex=None, packages_skip_regex=None, packages_start=None, packages_end=None, cmake_args=None, cmake_target=None, cmake_target_skip_unavailable=False, cmake_clean_cache=False, cmake_clean_first=False, cmake_force_configure=False, ament_cmake_args=None, catkin_cmake_args=None, catkin_skip_building_tests=False, mixin_files=None, mixin=None, verb_parser=<colcon_mixin.mixin.mixin_argument.MixinArgumentDecorator object at 0x702d6e45ddb0>, verb_extension=<colcon_core.verb.build.BuildVerb object at 0x702d6e45d720>, main=<bound method BuildVerb.main of <colcon_core.verb.build.BuildVerb object at 0x702d6e45d720>>, mixin_verb=('build',))
[0.896s] Level 1:colcon.colcon_core.package_discovery:discover_packages(colcon_meta) check parameters
[0.896s] Level 1:colcon.colcon_core.package_discovery:discover_packages(recursive) check parameters
[0.896s] Level 1:colcon.colcon_core.package_discovery:discover_packages(ignore) check parameters
[0.896s] Level 1:colcon.colcon_core.package_discovery:discover_packages(path) check parameters
[0.896s] Level 1:colcon.colcon_core.package_discovery:discover_packages(colcon_meta) discover
[0.896s] Level 1:colcon.colcon_core.package_discovery:discover_packages(recursive) discover
[0.896s] INFO:colcon.colcon_core.package_discovery:Crawling recursively for packages in '/trainee/workspace/trainee_ws_pinguin/src'
[0.896s] Level 1:colcon.colcon_core.package_identification:_identify(.) by extensions ['ignore', 'ignore_ament_install']
[0.896s] Level 1:colcon.colcon_core.package_identification:_identify(.) by extension 'ignore'
[0.896s] Level 1:colcon.colcon_core.package_identification:_identify(.) by extension 'ignore_ament_install'
[0.897s] Level 1:colcon.colcon_core.package_identification:_identify(.) by extensions ['colcon_pkg']
[0.897s] Level 1:colcon.colcon_core.package_identification:_identify(.) by extension 'colcon_pkg'
[0.897s] Level 1:colcon.colcon_core.package_identification:_identify(.) by extensions ['colcon_meta']
[0.897s] Level 1:colcon.colcon_core.package_identification:_identify(.) by extension 'colcon_meta'
[0.897s] Level 1:colcon.colcon_core.package_identification:_identify(.) by extensions ['ros']
[0.897s] Level 1:colcon.colcon_core.package_identification:_identify(.) by extension 'ros'
[0.927s] Level 1:colcon.colcon_core.package_identification:_identify(.) by extensions ['cmake', 'python']
[0.927s] Level 1:colcon.colcon_core.package_identification:_identify(.) by extension 'cmake'
[0.927s] Level 1:colcon.colcon_core.package_identification:_identify(.) by extension 'python'
[0.927s] Level 1:colcon.colcon_core.package_identification:_identify(.) by extensions ['python_setup_py']
[0.927s] Level 1:colcon.colcon_core.package_identification:_identify(.) by extension 'python_setup_py'
[0.927s] Level 1:colcon.colcon_core.package_identification:_identify(build) by extensions ['ignore', 'ignore_ament_install']
[0.928s] Level 1:colcon.colcon_core.package_identification:_identify(build) by extension 'ignore'
[0.928s] Level 1:colcon.colcon_core.package_identification:_identify(build) ignored
[0.928s] Level 1:colcon.colcon_core.package_identification:_identify(install) by extensions ['ignore', 'ignore_ament_install']
[0.928s] Level 1:colcon.colcon_core.package_identification:_identify(install) by extension 'ignore'
[0.928s] Level 1:colcon.colcon_core.package_identification:_identify(install) ignored
[0.928s] Level 1:colcon.colcon_core.package_identification:_identify(keyboard_check) by extensions ['ignore', 'ignore_ament_install']
[0.928s] Level 1:colcon.colcon_core.package_identification:_identify(keyboard_check) by extension 'ignore'
[0.928s] Level 1:colcon.colcon_core.package_identification:_identify(keyboard_check) by extension 'ignore_ament_install'
[0.928s] Level 1:colcon.colcon_core.package_identification:_identify(keyboard_check) by extensions ['colcon_pkg']
[0.928s] Level 1:colcon.colcon_core.package_identification:_identify(keyboard_check) by extension 'colcon_pkg'
[0.928s] Level 1:colcon.colcon_core.package_identification:_identify(keyboard_check) by extensions ['colcon_meta']
[0.929s] Level 1:colcon.colcon_core.package_identification:_identify(keyboard_check) by extension 'colcon_meta'
[0.929s] Level 1:colcon.colcon_core.package_identification:_identify(keyboard_check) by extensions ['ros']
[0.929s] Level 1:colcon.colcon_core.package_identification:_identify(keyboard_check) by extension 'ros'
[0.938s] DEBUG:colcon.colcon_core.package_identification:Package 'keyboard_check' with type 'ros.ament_python' and name 'keyboard_check'
[0.939s] Level 1:colcon.colcon_core.package_identification:_identify(log) by extensions ['ignore', 'ignore_ament_install']
[0.939s] Level 1:colcon.colcon_core.package_identification:_identify(log) by extension 'ignore'
[0.941s] Level 1:colcon.colcon_core.package_identification:_identify(log) ignored
[0.941s] Level 1:colcon.colcon_core.package_identification:_identify(webots_packed) by extensions ['ignore', 'ignore_ament_install']
[0.941s] Level 1:colcon.colcon_core.package_identification:_identify(webots_packed) by extension 'ignore'
[0.941s] Level 1:colcon.colcon_core.package_identification:_identify(webots_packed) by extension 'ignore_ament_install'
[0.941s] Level 1:colcon.colcon_core.package_identification:_identify(webots_packed) by extensions ['colcon_pkg']
[0.942s] Level 1:colcon.colcon_core.package_identification:_identify(webots_packed) by extension 'colcon_pkg'
[0.942s] Level 1:colcon.colcon_core.package_identification:_identify(webots_packed) by extensions ['colcon_meta']
[0.942s] Level 1:colcon.colcon_core.package_identification:_identify(webots_packed) by extension 'colcon_meta'
[0.942s] Level 1:colcon.colcon_core.package_identification:_identify(webots_packed) by extensions ['ros']
[0.942s] Level 1:colcon.colcon_core.package_identification:_identify(webots_packed) by extension 'ros'
[0.945s] DEBUG:colcon.colcon_core.package_identification:Package 'webots_packed' with type 'ros.ament_python' and name 'webots_packed'
[0.945s] Level 1:colcon.colcon_core.package_discovery:discover_packages(recursive) using defaults
[0.945s] Level 1:colcon.colcon_core.package_discovery:discover_packages(ignore) discover
[0.945s] Level 1:colcon.colcon_core.package_discovery:discover_packages(ignore) using defaults
[0.945s] Level 1:colcon.colcon_core.package_discovery:discover_packages(path) discover
[0.945s] Level 1:colcon.colcon_core.package_discovery:discover_packages(path) using defaults
[1.027s] Level 5:colcon.colcon_core.verb:set package 'keyboard_check' build argument 'cmake_args' from command line to 'None'
[1.027s] Level 5:colcon.colcon_core.verb:set package 'keyboard_check' build argument 'cmake_target' from command line to 'None'
[1.027s] Level 5:colcon.colcon_core.verb:set package 'keyboard_check' build argument 'cmake_target_skip_unavailable' from command line to 'False'
[1.027s] Level 5:colcon.colcon_core.verb:set package 'keyboard_check' build argument 'cmake_clean_cache' from command line to 'False'
[1.027s] Level 5:colcon.colcon_core.verb:set package 'keyboard_check' build argument 'cmake_clean_first' from command line to 'False'
[1.027s] Level 5:colcon.colcon_core.verb:set package 'keyboard_check' build argument 'cmake_force_configure' from command line to 'False'
[1.027s] Level 5:colcon.colcon_core.verb:set package 'keyboard_check' build argument 'ament_cmake_args' from command line to 'None'
[1.027s] Level 5:colcon.colcon_core.verb:set package 'keyboard_check' build argument 'catkin_cmake_args' from command line to 'None'
[1.027s] Level 5:colcon.colcon_core.verb:set package 'keyboard_check' build argument 'catkin_skip_building_tests' from command line to 'False'
[1.027s] DEBUG:colcon.colcon_core.verb:Building package 'keyboard_check' with the following arguments: {'ament_cmake_args': None, 'build_base': '/trainee/workspace/trainee_ws_pinguin/src/build/keyboard_check', 'catkin_cmake_args': None, 'catkin_skip_building_tests': False, 'cmake_args': None, 'cmake_clean_cache': False, 'cmake_clean_first': False, 'cmake_force_configure': False, 'cmake_target': None, 'cmake_target_skip_unavailable': False, 'install_base': '/trainee/workspace/trainee_ws_pinguin/src/install/keyboard_check', 'merge_install': False, 'path': '/trainee/workspace/trainee_ws_pinguin/src/keyboard_check', 'symlink_install': False, 'test_result_base': None}
[1.028s] Level 5:colcon.colcon_core.verb:set package 'webots_packed' build argument 'cmake_args' from command line to 'None'
[1.030s] Level 5:colcon.colcon_core.verb:set package 'webots_packed' build argument 'cmake_target' from command line to 'None'
[1.030s] Level 5:colcon.colcon_core.verb:set package 'webots_packed' build argument 'cmake_target_skip_unavailable' from command line to 'False'
[1.030s] Level 5:colcon.colcon_core.verb:set package 'webots_packed' build argument 'cmake_clean_cache' from command line to 'False'
[1.030s] Level 5:colcon.colcon_core.verb:set package 'webots_packed' build argument 'cmake_clean_first' from command line to 'False'
[1.030s] Level 5:colcon.colcon_core.verb:set package 'webots_packed' build argument 'cmake_force_configure' from command line to 'False'
[1.030s] Level 5:colcon.colcon_core.verb:set package 'webots_packed' build argument 'ament_cmake_args' from command line to 'None'
[1.030s] Level 5:colcon.colcon_core.verb:set package 'webots_packed' build argument 'catkin_cmake_args' from command line to 'None'
[1.030s] Level 5:colcon.colcon_core.verb:set package 'webots_packed' build argument 'catkin_skip_building_tests' from command line to 'False'
[1.030s] DEBUG:colcon.colcon_core.verb:Building package 'webots_packed' with the following arguments: {'ament_cmake_args': None, 'build_base': '/trainee/workspace/trainee_ws_pinguin/src/build/webots_packed', 'catkin_cmake_args': None, 'catkin_skip_building_tests': False, 'cmake_args': None, 'cmake_clean_cache': False, 'cmake_clean_first': False, 'cmake_force_configure': False, 'cmake_target': None, 'cmake_target_skip_unavailable': False, 'install_base': '/trainee/workspace/trainee_ws_pinguin/src/install/webots_packed', 'merge_install': False, 'path': '/trainee/workspace/trainee_ws_pinguin/src/webots_packed', 'symlink_install': False, 'test_result_base': None}
[1.031s] INFO:colcon.colcon_core.executor:Executing jobs using 'parallel' executor
[1.038s] DEBUG:colcon.colcon_parallel_executor.executor.parallel:run_until_complete
[1.038s] INFO:colcon.colcon_ros.task.ament_python.build:Building ROS package in '/trainee/workspace/trainee_ws_pinguin/src/keyboard_check' with build type 'ament_python'
[1.039s] Level 1:colcon.colcon_core.shell:create_environment_hook('keyboard_check', 'ament_prefix_path')
[1.046s] INFO:colcon.colcon_core.plugin_system:Skipping extension 'colcon_core.shell.bat': Not used on non-Windows systems
[1.049s] INFO:colcon.colcon_core.shell:Creating environment hook '/trainee/workspace/trainee_ws_pinguin/src/install/keyboard_check/share/keyboard_check/hook/ament_prefix_path.ps1'
[1.051s] INFO:colcon.colcon_core.shell:Creating environment descriptor '/trainee/workspace/trainee_ws_pinguin/src/install/keyboard_check/share/keyboard_check/hook/ament_prefix_path.dsv'
[1.055s] INFO:colcon.colcon_core.shell:Creating environment hook '/trainee/workspace/trainee_ws_pinguin/src/install/keyboard_check/share/keyboard_check/hook/ament_prefix_path.sh'
[1.059s] INFO:colcon.colcon_core.shell:Skip shell extension 'powershell' for command environment: Not usable outside of PowerShell
[1.059s] DEBUG:colcon.colcon_core.shell:Skip shell extension 'dsv' for command environment
[1.129s] INFO:colcon.colcon_ros.task.ament_python.build:Building ROS package in '/trainee/workspace/trainee_ws_pinguin/src/webots_packed' with build type 'ament_python'
[1.129s] Level 1:colcon.colcon_core.shell:create_environment_hook('webots_packed', 'ament_prefix_path')
[1.130s] INFO:colcon.colcon_core.shell:Creating environment hook '/trainee/workspace/trainee_ws_pinguin/src/install/webots_packed/share/webots_packed/hook/ament_prefix_path.ps1'
[1.134s] INFO:colcon.colcon_core.shell:Creating environment descriptor '/trainee/workspace/trainee_ws_pinguin/src/install/webots_packed/share/webots_packed/hook/ament_prefix_path.dsv'
[1.135s] INFO:colcon.colcon_core.shell:Creating environment hook '/trainee/workspace/trainee_ws_pinguin/src/install/webots_packed/share/webots_packed/hook/ament_prefix_path.sh'
[1.136s] INFO:colcon.colcon_core.shell:Skip shell extension 'powershell' for command environment: Not usable outside of PowerShell
[1.136s] DEBUG:colcon.colcon_core.shell:Skip shell extension 'dsv' for command environment
[1.692s] WARNING:colcon.colcon_ros.task.ament_python.build:Package 'keyboard_check' doesn't explicitly install a marker in the package index (colcon-ros currently does it implicitly but that fallback will be removed in the future)
[1.692s] WARNING:colcon.colcon_ros.task.ament_python.build:Package 'keyboard_check' doesn't explicitly install the 'package.xml' file (colcon-ros currently does it implicitly but that fallback will be removed in the future)
[1.693s] INFO:colcon.colcon_core.task.python.build:Building Python package in '/trainee/workspace/trainee_ws_pinguin/src/keyboard_check'
[1.694s] INFO:colcon.colcon_core.shell:Skip shell extension 'powershell' for command environment: Not usable outside of PowerShell
[1.694s] DEBUG:colcon.colcon_core.shell:Skip shell extension 'dsv' for command environment
[2.499s] WARNING:colcon.colcon_ros.task.ament_python.build:Package 'webots_packed' doesn't explicitly install a marker in the package index (colcon-ros currently does it implicitly but that fallback will be removed in the future)
[2.499s] WARNING:colcon.colcon_ros.task.ament_python.build:Package 'webots_packed' doesn't explicitly install the 'package.xml' file (colcon-ros currently does it implicitly but that fallback will be removed in the future)
[2.499s] INFO:colcon.colcon_core.task.python.build:Building Python package in '/trainee/workspace/trainee_ws_pinguin/src/webots_packed'
[2.500s] INFO:colcon.colcon_core.shell:Skip shell extension 'powershell' for command environment: Not usable outside of PowerShell
[2.500s] DEBUG:colcon.colcon_core.shell:Skip shell extension 'dsv' for command environment
[3.144s] DEBUG:colcon.colcon_core.event_handler.log_command:Invoking command in '/trainee/workspace/trainee_ws_pinguin/src/keyboard_check': PYTHONPATH=/trainee/workspace/trainee_ws_pinguin/src/build/keyboard_check/prefix_override:/usr/lib/python3/dist-packages/colcon_core/task/python/colcon_distutils_commands:/trainee/workspace/trainee_ws_pinguin/src/install/keyboard_check/lib/python3.10/site-packages:${PYTHONPATH} /usr/bin/python3 -W ignore:setup.py install is deprecated -W ignore:easy_install command is deprecated setup.py egg_info --egg-base ../build/keyboard_check build --build-base /trainee/workspace/trainee_ws_pinguin/src/build/keyboard_check/build install --record /trainee/workspace/trainee_ws_pinguin/src/build/keyboard_check/install.log --single-version-externally-managed
[3.228s] DEBUG:colcon.colcon_core.event_handler.log_command:Invoking command in '/trainee/workspace/trainee_ws_pinguin/src/webots_packed': PYTHONPATH=/trainee/workspace/trainee_ws_pinguin/src/build/webots_packed/prefix_override:/usr/lib/python3/dist-packages/colcon_core/task/python/colcon_distutils_commands:/trainee/workspace/trainee_ws_pinguin/src/install/webots_packed/lib/python3.10/site-packages:${PYTHONPATH} /usr/bin/python3 -W ignore:setup.py install is deprecated -W ignore:easy_install command is deprecated setup.py egg_info --egg-base ../build/webots_packed build --build-base /trainee/workspace/trainee_ws_pinguin/src/build/webots_packed/build install --record /trainee/workspace/trainee_ws_pinguin/src/build/webots_packed/install.log --single-version-externally-managed
[3.681s] DEBUG:colcon.colcon_core.event_handler.log_command:Invoked command in '/trainee/workspace/trainee_ws_pinguin/src/keyboard_check' returned '0': PYTHONPATH=/trainee/workspace/trainee_ws_pinguin/src/build/keyboard_check/prefix_override:/usr/lib/python3/dist-packages/colcon_core/task/python/colcon_distutils_commands:/trainee/workspace/trainee_ws_pinguin/src/install/keyboard_check/lib/python3.10/site-packages:${PYTHONPATH} /usr/bin/python3 -W ignore:setup.py install is deprecated -W ignore:easy_install command is deprecated setup.py egg_info --egg-base ../build/keyboard_check build --build-base /trainee/workspace/trainee_ws_pinguin/src/build/keyboard_check/build install --record /trainee/workspace/trainee_ws_pinguin/src/build/keyboard_check/install.log --single-version-externally-managed
[3.685s] Level 1:colcon.colcon_core.environment:checking '/trainee/workspace/trainee_ws_pinguin/src/install/keyboard_check' for CMake module files
[3.685s] Level 1:colcon.colcon_core.environment:checking '/trainee/workspace/trainee_ws_pinguin/src/install/keyboard_check' for CMake config files
[3.686s] Level 1:colcon.colcon_core.environment:checking '/trainee/workspace/trainee_ws_pinguin/src/install/keyboard_check/lib'
[3.686s] Level 1:colcon.colcon_core.environment:checking '/trainee/workspace/trainee_ws_pinguin/src/install/keyboard_check/bin'
[3.686s] Level 1:colcon.colcon_core.environment:checking '/trainee/workspace/trainee_ws_pinguin/src/install/keyboard_check/lib/pkgconfig/keyboard_check.pc'
[3.687s] Level 1:colcon.colcon_core.environment:checking '/trainee/workspace/trainee_ws_pinguin/src/install/keyboard_check/lib/python3.10/site-packages'
[3.687s] Level 1:colcon.colcon_core.shell:create_environment_hook('keyboard_check', 'pythonpath')
[3.688s] INFO:colcon.colcon_core.shell:Creating environment hook '/trainee/workspace/trainee_ws_pinguin/src/install/keyboard_check/share/keyboard_check/hook/pythonpath.ps1'
[3.689s] INFO:colcon.colcon_core.shell:Creating environment descriptor '/trainee/workspace/trainee_ws_pinguin/src/install/keyboard_check/share/keyboard_check/hook/pythonpath.dsv'
[3.689s] INFO:colcon.colcon_core.shell:Creating environment hook '/trainee/workspace/trainee_ws_pinguin/src/install/keyboard_check/share/keyboard_check/hook/pythonpath.sh'
[3.690s] Level 1:colcon.colcon_core.environment:checking '/trainee/workspace/trainee_ws_pinguin/src/install/keyboard_check/bin'
[3.691s] Level 1:colcon.colcon_core.environment:create_environment_scripts_only(keyboard_check)
[3.691s] INFO:colcon.colcon_core.shell:Creating package script '/trainee/workspace/trainee_ws_pinguin/src/install/keyboard_check/share/keyboard_check/package.ps1'
[3.693s] INFO:colcon.colcon_core.shell:Creating package descriptor '/trainee/workspace/trainee_ws_pinguin/src/install/keyboard_check/share/keyboard_check/package.dsv'
[3.694s] INFO:colcon.colcon_core.shell:Creating package script '/trainee/workspace/trainee_ws_pinguin/src/install/keyboard_check/share/keyboard_check/package.sh'
[3.695s] INFO:colcon.colcon_core.shell:Creating package script '/trainee/workspace/trainee_ws_pinguin/src/install/keyboard_check/share/keyboard_check/package.bash'
[3.697s] INFO:colcon.colcon_core.shell:Creating package script '/trainee/workspace/trainee_ws_pinguin/src/install/keyboard_check/share/keyboard_check/package.zsh'
[3.698s] Level 1:colcon.colcon_core.environment:create_file_with_runtime_dependencies(/trainee/workspace/trainee_ws_pinguin/src/install/keyboard_check/share/colcon-core/packages/keyboard_check)
[3.743s] Level 1:colcon.colcon_core.environment:checking '/trainee/workspace/trainee_ws_pinguin/src/install/webots_packed' for CMake module files
[3.744s] DEBUG:colcon.colcon_core.event_handler.log_command:Invoked command in '/trainee/workspace/trainee_ws_pinguin/src/webots_packed' returned '0': PYTHONPATH=/trainee/workspace/trainee_ws_pinguin/src/build/webots_packed/prefix_override:/usr/lib/python3/dist-packages/colcon_core/task/python/colcon_distutils_commands:/trainee/workspace/trainee_ws_pinguin/src/install/webots_packed/lib/python3.10/site-packages:${PYTHONPATH} /usr/bin/python3 -W ignore:setup.py install is deprecated -W ignore:easy_install command is deprecated setup.py egg_info --egg-base ../build/webots_packed build --build-base /trainee/workspace/trainee_ws_pinguin/src/build/webots_packed/build install --record /trainee/workspace/trainee_ws_pinguin/src/build/webots_packed/install.log --single-version-externally-managed
[3.745s] Level 1:colcon.colcon_core.environment:checking '/trainee/workspace/trainee_ws_pinguin/src/install/webots_packed' for CMake config files
[3.745s] Level 1:colcon.colcon_core.environment:checking '/trainee/workspace/trainee_ws_pinguin/src/install/webots_packed/lib'
[3.745s] Level 1:colcon.colcon_core.environment:checking '/trainee/workspace/trainee_ws_pinguin/src/install/webots_packed/bin'
[3.746s] Level 1:colcon.colcon_core.environment:checking '/trainee/workspace/trainee_ws_pinguin/src/install/webots_packed/lib/pkgconfig/webots_packed.pc'
[3.746s] Level 1:colcon.colcon_core.environment:checking '/trainee/workspace/trainee_ws_pinguin/src/install/webots_packed/lib/python3.10/site-packages'
[3.746s] Level 1:colcon.colcon_core.shell:create_environment_hook('webots_packed', 'pythonpath')
[3.746s] INFO:colcon.colcon_core.shell:Creating environment hook '/trainee/workspace/trainee_ws_pinguin/src/install/webots_packed/share/webots_packed/hook/pythonpath.ps1'
[3.747s] INFO:colcon.colcon_core.shell:Creating environment descriptor '/trainee/workspace/trainee_ws_pinguin/src/install/webots_packed/share/webots_packed/hook/pythonpath.dsv'
[3.748s] INFO:colcon.colcon_core.shell:Creating environment hook '/trainee/workspace/trainee_ws_pinguin/src/install/webots_packed/share/webots_packed/hook/pythonpath.sh'
[3.749s] Level 1:colcon.colcon_core.environment:checking '/trainee/workspace/trainee_ws_pinguin/src/install/webots_packed/bin'
[3.749s] Level 1:colcon.colcon_core.environment:create_environment_scripts_only(webots_packed)
[3.750s] INFO:colcon.colcon_core.shell:Creating package script '/trainee/workspace/trainee_ws_pinguin/src/install/webots_packed/share/webots_packed/package.ps1'
[3.751s] INFO:colcon.colcon_core.shell:Creating package descriptor '/trainee/workspace/trainee_ws_pinguin/src/install/webots_packed/share/webots_packed/package.dsv'
[3.752s] INFO:colcon.colcon_core.shell:Creating package script '/trainee/workspace/trainee_ws_pinguin/src/install/webots_packed/share/webots_packed/package.sh'
[3.753s] INFO:colcon.colcon_core.shell:Creating package script '/trainee/workspace/trainee_ws_pinguin/src/install/webots_packed/share/webots_packed/package.bash'
[3.753s] INFO:colcon.colcon_core.shell:Creating package script '/trainee/workspace/trainee_ws_pinguin/src/install/webots_packed/share/webots_packed/package.zsh'
[3.754s] Level 1:colcon.colcon_core.environment:create_file_with_runtime_dependencies(/trainee/workspace/trainee_ws_pinguin/src/install/webots_packed/share/colcon-core/packages/webots_packed)
[3.754s] DEBUG:colcon.colcon_parallel_executor.executor.parallel:closing loop
[3.755s] DEBUG:colcon.colcon_parallel_executor.executor.parallel:loop closed
[3.755s] DEBUG:colcon.colcon_parallel_executor.executor.parallel:run_until_complete finished with '0'
[3.755s] DEBUG:colcon.colcon_core.event_reactor:joining thread
[3.764s] INFO:colcon.colcon_core.plugin_system:Skipping extension 'colcon_notification.desktop_notification.notify_send': Could not find 'notify-send'
[3.764s] INFO:colcon.colcon_core.plugin_system:Skipping extension 'colcon_notification.desktop_notification.terminal_notifier': Not used on non-Darwin systems
[3.764s] INFO:colcon.colcon_core.plugin_system:Skipping extension 'colcon_notification.desktop_notification.win32': Not used on non-Windows systems
[3.764s] INFO:colcon.colcon_notification.desktop_notification:Sending desktop notification using 'notify2'
[3.766s] DEBUG:colcon.colcon_notification.desktop_notification.notify2:Failed to initialize notify2: org.freedesktop.DBus.Error.Spawn.ExecFailed: /usr/bin/dbus-launch terminated abnormally without any error message
[3.767s] DEBUG:colcon.colcon_core.event_reactor:joined thread
[3.768s] INFO:colcon.colcon_core.shell:Creating prefix script '/trainee/workspace/trainee_ws_pinguin/src/install/local_setup.ps1'
[3.770s] INFO:colcon.colcon_core.shell:Creating prefix util module '/trainee/workspace/trainee_ws_pinguin/src/install/_local_setup_util_ps1.py'
[3.773s] INFO:colcon.colcon_core.shell:Creating prefix chain script '/trainee/workspace/trainee_ws_pinguin/src/install/setup.ps1'
[3.775s] INFO:colcon.colcon_core.shell:Creating prefix script '/trainee/workspace/trainee_ws_pinguin/src/install/local_setup.sh'
[3.776s] INFO:colcon.colcon_core.shell:Creating prefix util module '/trainee/workspace/trainee_ws_pinguin/src/install/_local_setup_util_sh.py'
[3.777s] INFO:colcon.colcon_core.shell:Creating prefix chain script '/trainee/workspace/trainee_ws_pinguin/src/install/setup.sh'
[3.780s] INFO:colcon.colcon_core.shell:Creating prefix script '/trainee/workspace/trainee_ws_pinguin/src/install/local_setup.bash'
[3.781s] INFO:colcon.colcon_core.shell:Creating prefix chain script '/trainee/workspace/trainee_ws_pinguin/src/install/setup.bash'
[3.783s] INFO:colcon.colcon_core.shell:Creating prefix script '/trainee/workspace/trainee_ws_pinguin/src/install/local_setup.zsh'
[3.785s] INFO:colcon.colcon_core.shell:Creating prefix chain script '/trainee/workspace/trainee_ws_pinguin/src/install/setup.zsh'
