[1.479s] Invoking command in '/trainee/workspace/trainee_ws_pinguin/src/webots_packed': PYTHONPATH=/trainee/workspace/trainee_ws_pinguin/src/build/webots_packed/prefix_override:/usr/lib/python3/dist-packages/colcon_core/task/python/colcon_distutils_commands:/trainee/workspace/trainee_ws_pinguin/src/install/webots_packed/lib/python3.10/site-packages:${PYTHONPATH} /usr/bin/python3 -W ignore:setup.py install is deprecated -W ignore:easy_install command is deprecated setup.py egg_info --egg-base ../build/webots_packed build --build-base /trainee/workspace/trainee_ws_pinguin/src/build/webots_packed/build install --record /trainee/workspace/trainee_ws_pinguin/src/build/webots_packed/install.log --single-version-externally-managed
[1.885s] running egg_info
[1.886s] writing ../build/webots_packed/webots_packed.egg-info/PKG-INFO
[1.886s] writing dependency_links to ../build/webots_packed/webots_packed.egg-info/dependency_links.txt
[1.887s] writing entry points to ../build/webots_packed/webots_packed.egg-info/entry_points.txt
[1.887s] writing requirements to ../build/webots_packed/webots_packed.egg-info/requires.txt
[1.887s] writing top-level names to ../build/webots_packed/webots_packed.egg-info/top_level.txt
[1.890s] reading manifest file '../build/webots_packed/webots_packed.egg-info/SOURCES.txt'
[1.891s] writing manifest file '../build/webots_packed/webots_packed.egg-info/SOURCES.txt'
[1.892s] running build
[1.892s] running build_py
[1.892s] running install
[1.893s] running install_lib
[1.895s] running install_egg_info
[1.898s] removing '/trainee/workspace/trainee_ws_pinguin/src/install/webots_packed/lib/python3.10/site-packages/webots_packed-0.0.0-py3.10.egg-info' (and everything under it)
[1.900s] Copying ../build/webots_packed/webots_packed.egg-info to /trainee/workspace/trainee_ws_pinguin/src/install/webots_packed/lib/python3.10/site-packages/webots_packed-0.0.0-py3.10.egg-info
[1.901s] running install_scripts
[1.936s] Installing webots_listener script to /trainee/workspace/trainee_ws_pinguin/src/install/webots_packed/lib/webots_packed
[1.937s] writing list of installed files to '/trainee/workspace/trainee_ws_pinguin/src/build/webots_packed/install.log'
[1.986s] Invoked command in '/trainee/workspace/trainee_ws_pinguin/src/webots_packed' returned '0': PYTHONPATH=/trainee/workspace/trainee_ws_pinguin/src/build/webots_packed/prefix_override:/usr/lib/python3/dist-packages/colcon_core/task/python/colcon_distutils_commands:/trainee/workspace/trainee_ws_pinguin/src/install/webots_packed/lib/python3.10/site-packages:${PYTHONPATH} /usr/bin/python3 -W ignore:setup.py install is deprecated -W ignore:easy_install command is deprecated setup.py egg_info --egg-base ../build/webots_packed build --build-base /trainee/workspace/trainee_ws_pinguin/src/build/webots_packed/build install --record /trainee/workspace/trainee_ws_pinguin/src/build/webots_packed/install.log --single-version-externally-managed
