[1.029s] Invoking command in '/trainee/workspace/trainee_ws/build/arm_simulation': PYTHONPATH=/trainee/workspace/trainee_ws/build/arm_simulation/prefix_override:/usr/lib/python3/dist-packages/colcon_core/task/python/colcon_distutils_commands:/trainee/workspace/trainee_ws/install/arm_simulation/lib/python3.10/site-packages:${PYTHONPATH} /usr/bin/python3 -W ignore:setup.py install is deprecated -W ignore:easy_install command is deprecated setup.py develop --editable --build-directory /trainee/workspace/trainee_ws/build/arm_simulation/build --no-deps symlink_data
[1.410s] running develop
[1.629s] running egg_info
[1.629s] creating arm_simulation.egg-info
[1.630s] writing arm_simulation.egg-info/PKG-INFO
[1.630s] writing dependency_links to arm_simulation.egg-info/dependency_links.txt
[1.630s] writing entry points to arm_simulation.egg-info/entry_points.txt
[1.631s] writing requirements to arm_simulation.egg-info/requires.txt
[1.631s] writing top-level names to arm_simulation.egg-info/top_level.txt
[1.631s] writing manifest file 'arm_simulation.egg-info/SOURCES.txt'
[1.633s] reading manifest file 'arm_simulation.egg-info/SOURCES.txt'
[1.634s] writing manifest file 'arm_simulation.egg-info/SOURCES.txt'
[1.636s] running build_ext
[1.636s] Creating /trainee/workspace/trainee_ws/install/arm_simulation/lib/python3.10/site-packages/arm-simulation.egg-link (link to .)
[1.638s] 
[1.638s] Installed /trainee/workspace/trainee_ws/build/arm_simulation
[1.638s] running symlink_data
[1.638s] creating /trainee/workspace/trainee_ws/install/arm_simulation/share/ament_index
[1.639s] creating /trainee/workspace/trainee_ws/install/arm_simulation/share/ament_index/resource_index
[1.639s] creating /trainee/workspace/trainee_ws/install/arm_simulation/share/ament_index/resource_index/packages
[1.639s] error: can't copy '/trainee/workspace/trainee_ws/build/arm_simulation/resource/arm_simulation': doesn't exist or not a regular file
[1.675s] Invoked command in '/trainee/workspace/trainee_ws/build/arm_simulation' returned '1': PYTHONPATH=/trainee/workspace/trainee_ws/build/arm_simulation/prefix_override:/usr/lib/python3/dist-packages/colcon_core/task/python/colcon_distutils_commands:/trainee/workspace/trainee_ws/install/arm_simulation/lib/python3.10/site-packages:${PYTHONPATH} /usr/bin/python3 -W ignore:setup.py install is deprecated -W ignore:easy_install command is deprecated setup.py develop --editable --build-directory /trainee/workspace/trainee_ws/build/arm_simulation/build --no-deps symlink_data
