running develop
running egg_info
writing arm_simulation.egg-info/PKG-INFO
writing dependency_links to arm_simulation.egg-info/dependency_links.txt
writing entry points to arm_simulation.egg-info/entry_points.txt
writing requirements to arm_simulation.egg-info/requires.txt
writing top-level names to arm_simulation.egg-info/top_level.txt
reading manifest file 'arm_simulation.egg-info/SOURCES.txt'
writing manifest file 'arm_simulation.egg-info/SOURCES.txt'
running build_ext
Creating /trainee/workspace/trainee_ws/install/arm_simulation/lib/python3.10/site-packages/arm-simulation.egg-link (link to .)

Installed /trainee/workspace/trainee_ws/build/arm_simulation
running symlink_data
symbolically linking /trainee/workspace/trainee_ws/build/arm_simulation/resource/arm_simulation -> /trainee/workspace/trainee_ws/install/arm_simulation/share/ament_index/resource_index/packages
symbolically linking /trainee/workspace/trainee_ws/build/arm_simulation/package.xml -> /trainee/workspace/trainee_ws/install/arm_simulation/share/arm_simulation
creating /trainee/workspace/trainee_ws/install/arm_simulation/share/arm_simulation/launch
symbolically linking /trainee/workspace/trainee_ws/build/arm_simulation/launch/arm_launch.py -> /trainee/workspace/trainee_ws/install/arm_simulation/share/arm_simulation/launch
creating /trainee/workspace/trainee_ws/install/arm_simulation/share/arm_simulation/worlds
symbolically linking /trainee/workspace/trainee_ws/build/arm_simulation/worlds/basic_arm.wbt -> /trainee/workspace/trainee_ws/install/arm_simulation/share/arm_simulation/worlds
creating /trainee/workspace/trainee_ws/install/arm_simulation/share/arm_simulation/resource
symbolically linking /trainee/workspace/trainee_ws/build/arm_simulation/resource/robot_driver.urdf -> /trainee/workspace/trainee_ws/install/arm_simulation/share/arm_simulation/resource
